{"E:\\project\\node\\utils\\src\\index.ts": {"path":"E:\\project\\node\\utils\\src\\index.ts","all":false,"statementMap":{"0":{"start":{"line":1,"column":0},"end":{"line":1,"column":31}},"1":{"start":{"line":2,"column":0},"end":{"line":2,"column":30}}},"s":{"0":1,"1":1},"branchMap":{},"b":{},"fnMap":{},"f":{}}
,"E:\\project\\node\\utils\\src\\browser\\dom.ts": {"path":"E:\\project\\node\\utils\\src\\browser\\dom.ts","all":false,"statementMap":{"19":{"start":{"line":20,"column":0},"end":{"line":20,"column":103}},"20":{"start":{"line":21,"column":0},"end":{"line":21,"column":54}},"21":{"start":{"line":22,"column":0},"end":{"line":22,"column":18}},"22":{"start":{"line":23,"column":0},"end":{"line":23,"column":52}},"23":{"start":{"line":24,"column":0},"end":{"line":24,"column":54}},"24":{"start":{"line":25,"column":0},"end":{"line":25,"column":20}},"25":{"start":{"line":26,"column":0},"end":{"line":26,"column":59}},"26":{"start":{"line":27,"column":0},"end":{"line":27,"column":63}},"27":{"start":{"line":28,"column":0},"end":{"line":28,"column":65}},"28":{"start":{"line":29,"column":0},"end":{"line":29,"column":61}},"29":{"start":{"line":30,"column":0},"end":{"line":30,"column":74}},"30":{"start":{"line":31,"column":0},"end":{"line":31,"column":76}},"31":{"start":{"line":32,"column":0},"end":{"line":32,"column":20}},"32":{"start":{"line":33,"column":0},"end":{"line":33,"column":36}},"33":{"start":{"line":34,"column":0},"end":{"line":34,"column":37}},"34":{"start":{"line":35,"column":0},"end":{"line":35,"column":13}},"35":{"start":{"line":36,"column":0},"end":{"line":36,"column":16}},"36":{"start":{"line":37,"column":0},"end":{"line":37,"column":73}},"37":{"start":{"line":38,"column":0},"end":{"line":38,"column":9}},"38":{"start":{"line":39,"column":0},"end":{"line":39,"column":12}},"39":{"start":{"line":40,"column":0},"end":{"line":40,"column":54}},"40":{"start":{"line":41,"column":0},"end":{"line":41,"column":5}},"41":{"start":{"line":42,"column":0},"end":{"line":42,"column":1}}},"s":{"19":1,"20":3,"21":3,"22":2,"23":2,"24":2,"25":1,"26":1,"27":1,"28":1,"29":1,"30":1,"31":1,"32":1,"33":1,"34":1,"35":1,"36":1,"37":1,"38":3,"39":1,"40":1,"41":3},"branchMap":{"0":{"type":"branch","line":20,"loc":{"start":{"line":20,"column":36},"end":{"line":42,"column":1}},"locations":[{"start":{"line":20,"column":36},"end":{"line":42,"column":1}}]},"1":{"type":"branch","line":22,"loc":{"start":{"line":22,"column":17},"end":{"line":39,"column":11}},"locations":[{"start":{"line":22,"column":17},"end":{"line":39,"column":11}}]},"2":{"type":"branch","line":25,"loc":{"start":{"line":25,"column":19},"end":{"line":38,"column":9}},"locations":[{"start":{"line":25,"column":19},"end":{"line":38,"column":9}}]},"3":{"type":"branch","line":39,"loc":{"start":{"line":39,"column":4},"end":{"line":41,"column":5}},"locations":[{"start":{"line":39,"column":4},"end":{"line":41,"column":5}}]}},"b":{"0":[3],"1":[2],"2":[1],"3":[1]},"fnMap":{"0":{"name":"getContentDimensions","decl":{"start":{"line":20,"column":36},"end":{"line":42,"column":1}},"loc":{"start":{"line":20,"column":36},"end":{"line":42,"column":1}},"line":20}},"f":{"0":3}}
,"E:\\project\\node\\utils\\src\\browser\\http.ts": {"path":"E:\\project\\node\\utils\\src\\browser\\http.ts","all":false,"statementMap":{"0":{"start":{"line":1,"column":0},"end":{"line":1,"column":50}},"15":{"start":{"line":16,"column":0},"end":{"line":16,"column":85}},"16":{"start":{"line":17,"column":0},"end":{"line":17,"column":47}},"17":{"start":{"line":18,"column":0},"end":{"line":18,"column":7}},"19":{"start":{"line":20,"column":0},"end":{"line":20,"column":37}},"20":{"start":{"line":21,"column":0},"end":{"line":21,"column":23}},"21":{"start":{"line":22,"column":0},"end":{"line":22,"column":55}},"22":{"start":{"line":23,"column":0},"end":{"line":23,"column":5}},"24":{"start":{"line":25,"column":0},"end":{"line":25,"column":60}},"25":{"start":{"line":26,"column":0},"end":{"line":26,"column":63}},"26":{"start":{"line":27,"column":0},"end":{"line":27,"column":50}},"27":{"start":{"line":28,"column":0},"end":{"line":28,"column":43}},"28":{"start":{"line":29,"column":0},"end":{"line":29,"column":42}},"29":{"start":{"line":30,"column":0},"end":{"line":30,"column":5}},"31":{"start":{"line":32,"column":0},"end":{"line":32,"column":38}},"34":{"start":{"line":35,"column":0},"end":{"line":35,"column":45}},"37":{"start":{"line":38,"column":0},"end":{"line":38,"column":44}},"38":{"start":{"line":39,"column":0},"end":{"line":39,"column":23}},"39":{"start":{"line":40,"column":0},"end":{"line":40,"column":40}},"40":{"start":{"line":41,"column":0},"end":{"line":41,"column":53}},"41":{"start":{"line":42,"column":0},"end":{"line":42,"column":26}},"42":{"start":{"line":43,"column":0},"end":{"line":43,"column":48}},"45":{"start":{"line":46,"column":0},"end":{"line":46,"column":32}},"46":{"start":{"line":47,"column":0},"end":{"line":47,"column":19}},"47":{"start":{"line":48,"column":0},"end":{"line":48,"column":36}},"48":{"start":{"line":49,"column":0},"end":{"line":49,"column":30}},"49":{"start":{"line":50,"column":0},"end":{"line":50,"column":3}},"50":{"start":{"line":51,"column":0},"end":{"line":51,"column":1}},"82":{"start":{"line":83,"column":0},"end":{"line":83,"column":19}},"83":{"start":{"line":84,"column":0},"end":{"line":84,"column":34}},"97":{"start":{"line":98,"column":0},"end":{"line":98,"column":37}},"98":{"start":{"line":99,"column":0},"end":{"line":99,"column":26}},"99":{"start":{"line":100,"column":0},"end":{"line":100,"column":3}},"129":{"start":{"line":130,"column":0},"end":{"line":130,"column":123}},"130":{"start":{"line":131,"column":0},"end":{"line":131,"column":74}},"133":{"start":{"line":134,"column":0},"end":{"line":134,"column":72}},"134":{"start":{"line":135,"column":0},"end":{"line":135,"column":58}},"137":{"start":{"line":138,"column":0},"end":{"line":138,"column":74}},"138":{"start":{"line":139,"column":0},"end":{"line":139,"column":70}},"141":{"start":{"line":142,"column":0},"end":{"line":142,"column":9}},"142":{"start":{"line":143,"column":0},"end":{"line":143,"column":41}},"143":{"start":{"line":144,"column":0},"end":{"line":144,"column":15}},"144":{"start":{"line":145,"column":0},"end":{"line":145,"column":30}},"145":{"start":{"line":146,"column":0},"end":{"line":146,"column":49}},"146":{"start":{"line":147,"column":0},"end":{"line":147,"column":15}},"147":{"start":{"line":148,"column":0},"end":{"line":148,"column":8}},"149":{"start":{"line":150,"column":0},"end":{"line":150,"column":25}},"150":{"start":{"line":151,"column":0},"end":{"line":151,"column":65}},"151":{"start":{"line":152,"column":0},"end":{"line":152,"column":7}},"153":{"start":{"line":154,"column":0},"end":{"line":154,"column":42}},"155":{"start":{"line":156,"column":0},"end":{"line":156,"column":45}},"156":{"start":{"line":157,"column":0},"end":{"line":157,"column":21}},"157":{"start":{"line":158,"column":0},"end":{"line":158,"column":17}},"158":{"start":{"line":159,"column":0},"end":{"line":159,"column":5}},"159":{"start":{"line":160,"column":0},"end":{"line":160,"column":3}},"183":{"start":{"line":184,"column":0},"end":{"line":184,"column":85}},"184":{"start":{"line":185,"column":0},"end":{"line":185,"column":74}},"185":{"start":{"line":186,"column":0},"end":{"line":186,"column":3}},"214":{"start":{"line":215,"column":0},"end":{"line":215,"column":109}},"215":{"start":{"line":216,"column":0},"end":{"line":216,"column":49}},"216":{"start":{"line":217,"column":0},"end":{"line":217,"column":16}},"217":{"start":{"line":218,"column":0},"end":{"line":218,"column":11}},"218":{"start":{"line":219,"column":0},"end":{"line":219,"column":20}},"219":{"start":{"line":220,"column":0},"end":{"line":220,"column":6}},"220":{"start":{"line":221,"column":0},"end":{"line":221,"column":3}},"250":{"start":{"line":251,"column":0},"end":{"line":251,"column":108}},"251":{"start":{"line":252,"column":0},"end":{"line":252,"column":49}},"252":{"start":{"line":253,"column":0},"end":{"line":253,"column":16}},"253":{"start":{"line":254,"column":0},"end":{"line":254,"column":11}},"254":{"start":{"line":255,"column":0},"end":{"line":255,"column":19}},"255":{"start":{"line":256,"column":0},"end":{"line":256,"column":6}},"256":{"start":{"line":257,"column":0},"end":{"line":257,"column":3}},"280":{"start":{"line":281,"column":0},"end":{"line":281,"column":88}},"281":{"start":{"line":282,"column":0},"end":{"line":282,"column":77}},"282":{"start":{"line":283,"column":0},"end":{"line":283,"column":3}},"283":{"start":{"line":284,"column":0},"end":{"line":284,"column":1}},"311":{"start":{"line":312,"column":0},"end":{"line":312,"column":71}},"312":{"start":{"line":313,"column":0},"end":{"line":313,"column":45}},"314":{"start":{"line":315,"column":0},"end":{"line":315,"column":52}},"316":{"start":{"line":317,"column":0},"end":{"line":317,"column":31}},"317":{"start":{"line":318,"column":0},"end":{"line":318,"column":71}},"318":{"start":{"line":319,"column":0},"end":{"line":319,"column":12}},"319":{"start":{"line":320,"column":0},"end":{"line":320,"column":49}},"320":{"start":{"line":321,"column":0},"end":{"line":321,"column":5}},"321":{"start":{"line":322,"column":0},"end":{"line":322,"column":3}},"323":{"start":{"line":324,"column":0},"end":{"line":324,"column":33}},"324":{"start":{"line":325,"column":0},"end":{"line":325,"column":2}}},"s":{"0":1,"15":1,"16":3,"17":3,"19":3,"20":3,"21":1,"22":1,"24":1,"25":3,"26":1,"27":3,"28":0,"29":0,"31":1,"34":1,"37":1,"38":1,"39":1,"40":1,"41":1,"42":1,"45":1,"46":3,"47":2,"48":2,"49":2,"50":3,"82":1,"83":1,"97":1,"98":1,"99":1,"129":1,"130":7,"133":7,"134":7,"137":7,"138":7,"141":7,"142":7,"143":7,"144":7,"145":7,"146":7,"147":7,"149":7,"150":1,"151":1,"153":5,"155":5,"156":7,"157":2,"158":2,"159":7,"183":1,"184":4,"185":4,"214":1,"215":1,"216":1,"217":1,"218":1,"219":1,"220":1,"250":1,"251":1,"252":1,"253":1,"254":1,"255":1,"256":1,"280":1,"281":1,"282":1,"283":1,"311":1,"312":6,"314":6,"316":10,"317":2,"318":10,"319":8,"320":8,"321":10,"323":6,"324":6},"branchMap":{"0":{"type":"branch","line":16,"loc":{"start":{"line":16,"column":28},"end":{"line":51,"column":1}},"locations":[{"start":{"line":16,"column":28},"end":{"line":51,"column":1}}]},"1":{"type":"branch","line":20,"loc":{"start":{"line":20,"column":36},"end":{"line":21,"column":22}},"locations":[{"start":{"line":20,"column":36},"end":{"line":21,"column":22}}]},"2":{"type":"branch","line":21,"loc":{"start":{"line":21,"column":22},"end":{"line":26,"column":33}},"locations":[{"start":{"line":21,"column":22},"end":{"line":26,"column":33}}]},"3":{"type":"branch","line":26,"loc":{"start":{"line":26,"column":59},"end":{"line":27,"column":50}},"locations":[{"start":{"line":26,"column":59},"end":{"line":27,"column":50}}]},"4":{"type":"branch","line":27,"loc":{"start":{"line":27,"column":46},"end":{"line":28,"column":42}},"locations":[{"start":{"line":27,"column":46},"end":{"line":28,"column":42}}]},"5":{"type":"branch","line":28,"loc":{"start":{"line":28,"column":42},"end":{"line":30,"column":5}},"locations":[{"start":{"line":28,"column":42},"end":{"line":30,"column":5}}]},"6":{"type":"branch","line":30,"loc":{"start":{"line":30,"column":4},"end":{"line":47,"column":11}},"locations":[{"start":{"line":30,"column":4},"end":{"line":47,"column":11}}]},"7":{"type":"branch","line":47,"loc":{"start":{"line":47,"column":2},"end":{"line":50,"column":3}},"locations":[{"start":{"line":47,"column":2},"end":{"line":50,"column":3}}]},"8":{"type":"branch","line":83,"loc":{"start":{"line":83,"column":18},"end":{"line":284,"column":1}},"locations":[{"start":{"line":83,"column":18},"end":{"line":284,"column":1}}]},"9":{"type":"branch","line":98,"loc":{"start":{"line":98,"column":2},"end":{"line":100,"column":3}},"locations":[{"start":{"line":98,"column":2},"end":{"line":100,"column":3}}]},"10":{"type":"branch","line":130,"loc":{"start":{"line":130,"column":2},"end":{"line":160,"column":3}},"locations":[{"start":{"line":130,"column":2},"end":{"line":160,"column":3}}]},"11":{"type":"branch","line":134,"loc":{"start":{"line":134,"column":24},"end":{"line":134,"column":70}},"locations":[{"start":{"line":134,"column":24},"end":{"line":134,"column":70}}]},"12":{"type":"branch","line":134,"loc":{"start":{"line":134,"column":65},"end":{"line":134,"column":72}},"locations":[{"start":{"line":134,"column":65},"end":{"line":134,"column":72}}]},"13":{"type":"branch","line":138,"loc":{"start":{"line":138,"column":24},"end":{"line":138,"column":72}},"locations":[{"start":{"line":138,"column":24},"end":{"line":138,"column":72}}]},"14":{"type":"branch","line":138,"loc":{"start":{"line":138,"column":68},"end":{"line":138,"column":74}},"locations":[{"start":{"line":138,"column":68},"end":{"line":138,"column":74}}]},"15":{"type":"branch","line":146,"loc":{"start":{"line":146,"column":14},"end":{"line":146,"column":44}},"locations":[{"start":{"line":146,"column":14},"end":{"line":146,"column":44}}]},"16":{"type":"branch","line":146,"loc":{"start":{"line":146,"column":40},"end":{"line":146,"column":49}},"locations":[{"start":{"line":146,"column":40},"end":{"line":146,"column":49}}]},"17":{"type":"branch","line":148,"loc":{"start":{"line":148,"column":7},"end":{"line":150,"column":24}},"locations":[{"start":{"line":148,"column":7},"end":{"line":150,"column":24}}]},"18":{"type":"branch","line":150,"loc":{"start":{"line":150,"column":24},"end":{"line":152,"column":7}},"locations":[{"start":{"line":150,"column":24},"end":{"line":152,"column":7}}]},"19":{"type":"branch","line":152,"loc":{"start":{"line":152,"column":6},"end":{"line":157,"column":13}},"locations":[{"start":{"line":152,"column":6},"end":{"line":157,"column":13}}]},"20":{"type":"branch","line":157,"loc":{"start":{"line":157,"column":4},"end":{"line":159,"column":5}},"locations":[{"start":{"line":157,"column":4},"end":{"line":159,"column":5}}]},"21":{"type":"branch","line":184,"loc":{"start":{"line":184,"column":2},"end":{"line":186,"column":3}},"locations":[{"start":{"line":184,"column":2},"end":{"line":186,"column":3}}]},"22":{"type":"branch","line":215,"loc":{"start":{"line":215,"column":2},"end":{"line":221,"column":3}},"locations":[{"start":{"line":215,"column":2},"end":{"line":221,"column":3}}]},"23":{"type":"branch","line":251,"loc":{"start":{"line":251,"column":2},"end":{"line":257,"column":3}},"locations":[{"start":{"line":251,"column":2},"end":{"line":257,"column":3}}]},"24":{"type":"branch","line":281,"loc":{"start":{"line":281,"column":2},"end":{"line":283,"column":3}},"locations":[{"start":{"line":281,"column":2},"end":{"line":283,"column":3}}]},"25":{"type":"branch","line":312,"loc":{"start":{"line":312,"column":36},"end":{"line":325,"column":2}},"locations":[{"start":{"line":312,"column":36},"end":{"line":325,"column":2}}]},"26":{"type":"branch","line":315,"loc":{"start":{"line":315,"column":51},"end":{"line":322,"column":3}},"locations":[{"start":{"line":315,"column":51},"end":{"line":322,"column":3}}]},"27":{"type":"branch","line":317,"loc":{"start":{"line":317,"column":30},"end":{"line":319,"column":11}},"locations":[{"start":{"line":317,"column":30},"end":{"line":319,"column":11}}]},"28":{"type":"branch","line":319,"loc":{"start":{"line":319,"column":4},"end":{"line":321,"column":5}},"locations":[{"start":{"line":319,"column":4},"end":{"line":321,"column":5}}]},"29":{"type":"branch","line":318,"loc":{"start":{"line":318,"column":20},"end":{"line":318,"column":69}},"locations":[{"start":{"line":318,"column":20},"end":{"line":318,"column":69}}]}},"b":{"0":[3],"1":[2],"2":[1],"3":[1],"4":[1],"5":[0],"6":[1],"7":[2],"8":[1],"9":[1],"10":[7],"11":[1],"12":[6],"13":[2],"14":[5],"15":[2],"16":[5],"17":[6],"18":[1],"19":[5],"20":[2],"21":[4],"22":[1],"23":[1],"24":[1],"25":[6],"26":[10],"27":[2],"28":[8],"29":[5]},"fnMap":{"0":{"name":"downloadFile","decl":{"start":{"line":16,"column":28},"end":{"line":51,"column":1}},"loc":{"start":{"line":16,"column":28},"end":{"line":51,"column":1}},"line":16},"1":{"name":"<instance_members_initializer>","decl":{"start":{"line":83,"column":18},"end":{"line":284,"column":1}},"loc":{"start":{"line":83,"column":18},"end":{"line":284,"column":1}},"line":83},"2":{"name":"Http","decl":{"start":{"line":98,"column":2},"end":{"line":100,"column":3}},"loc":{"start":{"line":98,"column":2},"end":{"line":100,"column":3}},"line":98},"3":{"name":"request","decl":{"start":{"line":130,"column":2},"end":{"line":160,"column":3}},"loc":{"start":{"line":130,"column":2},"end":{"line":160,"column":3}},"line":130},"4":{"name":"get","decl":{"start":{"line":184,"column":2},"end":{"line":186,"column":3}},"loc":{"start":{"line":184,"column":2},"end":{"line":186,"column":3}},"line":184},"5":{"name":"post","decl":{"start":{"line":215,"column":2},"end":{"line":221,"column":3}},"loc":{"start":{"line":215,"column":2},"end":{"line":221,"column":3}},"line":215},"6":{"name":"put","decl":{"start":{"line":251,"column":2},"end":{"line":257,"column":3}},"loc":{"start":{"line":251,"column":2},"end":{"line":257,"column":3}},"line":251},"7":{"name":"delete","decl":{"start":{"line":281,"column":2},"end":{"line":283,"column":3}},"loc":{"start":{"line":281,"column":2},"end":{"line":283,"column":3}},"line":281},"8":{"name":"URLSearchParamsUtils","decl":{"start":{"line":312,"column":36},"end":{"line":325,"column":2}},"loc":{"start":{"line":312,"column":36},"end":{"line":325,"column":2}},"line":312}},"f":{"0":3,"1":1,"2":1,"3":7,"4":4,"5":1,"6":1,"7":1,"8":6}}
,"E:\\project\\node\\utils\\src\\browser\\images.ts": {"path":"E:\\project\\node\\utils\\src\\browser\\images.ts","all":false,"statementMap":{"19":{"start":{"line":20,"column":0},"end":{"line":20,"column":92}},"20":{"start":{"line":21,"column":0},"end":{"line":21,"column":21}},"21":{"start":{"line":22,"column":0},"end":{"line":22,"column":18}},"22":{"start":{"line":23,"column":0},"end":{"line":23,"column":14}},"23":{"start":{"line":24,"column":0},"end":{"line":24,"column":60}},"24":{"start":{"line":25,"column":0},"end":{"line":25,"column":35}},"25":{"start":{"line":26,"column":0},"end":{"line":26,"column":45}},"26":{"start":{"line":27,"column":0},"end":{"line":27,"column":67}},"27":{"start":{"line":28,"column":0},"end":{"line":28,"column":25}},"28":{"start":{"line":29,"column":0},"end":{"line":29,"column":10}},"29":{"start":{"line":30,"column":0},"end":{"line":30,"column":5}},"30":{"start":{"line":31,"column":0},"end":{"line":31,"column":3}},"31":{"start":{"line":32,"column":0},"end":{"line":32,"column":1}},"52":{"start":{"line":53,"column":0},"end":{"line":53,"column":86}},"53":{"start":{"line":54,"column":0},"end":{"line":54,"column":43}},"54":{"start":{"line":55,"column":0},"end":{"line":55,"column":27}},"55":{"start":{"line":56,"column":0},"end":{"line":56,"column":24}},"56":{"start":{"line":57,"column":0},"end":{"line":57,"column":18}},"57":{"start":{"line":58,"column":0},"end":{"line":58,"column":5}},"58":{"start":{"line":59,"column":0},"end":{"line":59,"column":25}},"59":{"start":{"line":60,"column":0},"end":{"line":60,"column":33}},"60":{"start":{"line":61,"column":0},"end":{"line":61,"column":5}},"61":{"start":{"line":62,"column":0},"end":{"line":62,"column":22}},"62":{"start":{"line":63,"column":0},"end":{"line":63,"column":4}},"63":{"start":{"line":64,"column":0},"end":{"line":64,"column":1}}},"s":{"19":1,"20":5,"21":5,"22":5,"23":9,"24":9,"25":9,"26":9,"27":9,"28":9,"29":5,"30":5,"31":5,"52":1,"53":2,"54":2,"55":2,"56":1,"57":1,"58":2,"59":1,"60":1,"61":2,"62":2,"63":2},"branchMap":{"0":{"type":"branch","line":20,"loc":{"start":{"line":20,"column":37},"end":{"line":32,"column":1}},"locations":[{"start":{"line":20,"column":37},"end":{"line":32,"column":1}}]},"1":{"type":"branch","line":23,"loc":{"start":{"line":23,"column":6},"end":{"line":29,"column":10}},"locations":[{"start":{"line":23,"column":6},"end":{"line":29,"column":10}}]},"2":{"type":"branch","line":24,"loc":{"start":{"line":24,"column":38},"end":{"line":29,"column":9}},"locations":[{"start":{"line":24,"column":38},"end":{"line":29,"column":9}}]},"3":{"type":"branch","line":26,"loc":{"start":{"line":26,"column":25},"end":{"line":26,"column":45}},"locations":[{"start":{"line":26,"column":25},"end":{"line":26,"column":45}}]},"4":{"type":"branch","line":27,"loc":{"start":{"line":27,"column":26},"end":{"line":27,"column":67}},"locations":[{"start":{"line":27,"column":26},"end":{"line":27,"column":67}}]},"5":{"type":"branch","line":53,"loc":{"start":{"line":53,"column":36},"end":{"line":64,"column":1}},"locations":[{"start":{"line":53,"column":36},"end":{"line":64,"column":1}}]},"6":{"type":"branch","line":54,"loc":{"start":{"line":54,"column":21},"end":{"line":63,"column":3}},"locations":[{"start":{"line":54,"column":21},"end":{"line":63,"column":3}}]},"7":{"type":"branch","line":56,"loc":{"start":{"line":56,"column":17},"end":{"line":58,"column":5}},"locations":[{"start":{"line":56,"column":17},"end":{"line":58,"column":5}}]},"8":{"type":"branch","line":59,"loc":{"start":{"line":59,"column":18},"end":{"line":61,"column":5}},"locations":[{"start":{"line":59,"column":18},"end":{"line":61,"column":5}}]}},"b":{"0":[5],"1":[9],"2":[9],"3":[4],"4":[5],"5":[2],"6":[2],"7":[1],"8":[1]},"fnMap":{"0":{"name":"preloadAndCacheImages","decl":{"start":{"line":20,"column":37},"end":{"line":32,"column":1}},"loc":{"start":{"line":20,"column":37},"end":{"line":32,"column":1}},"line":20},"1":{"name":"image.onload","decl":{"start":{"line":26,"column":25},"end":{"line":26,"column":45}},"loc":{"start":{"line":26,"column":25},"end":{"line":26,"column":45}},"line":26},"2":{"name":"image.onerror","decl":{"start":{"line":27,"column":26},"end":{"line":27,"column":67}},"loc":{"start":{"line":27,"column":26},"end":{"line":27,"column":67}},"line":27},"3":{"name":"preloadAndCacheImage","decl":{"start":{"line":53,"column":36},"end":{"line":64,"column":1}},"loc":{"start":{"line":53,"column":36},"end":{"line":64,"column":1}},"line":53},"4":{"name":"img.onload","decl":{"start":{"line":56,"column":17},"end":{"line":58,"column":5}},"loc":{"start":{"line":56,"column":17},"end":{"line":58,"column":5}},"line":56},"5":{"name":"img.onerror","decl":{"start":{"line":59,"column":18},"end":{"line":61,"column":5}},"loc":{"start":{"line":59,"column":18},"end":{"line":61,"column":5}},"line":59}},"f":{"0":5,"1":4,"2":5,"3":2,"4":1,"5":1}}
,"E:\\project\\node\\utils\\src\\browser\\index.ts": {"path":"E:\\project\\node\\utils\\src\\browser\\index.ts","all":false,"statementMap":{"0":{"start":{"line":1,"column":0},"end":{"line":1,"column":22}},"1":{"start":{"line":2,"column":0},"end":{"line":2,"column":25}},"2":{"start":{"line":3,"column":0},"end":{"line":3,"column":23}}},"s":{"0":1,"1":1,"2":1},"branchMap":{},"b":{},"fnMap":{},"f":{}}
,"E:\\project\\node\\utils\\src\\common\\activity.ts": {"path":"E:\\project\\node\\utils\\src\\common\\activity.ts","all":false,"statementMap":{"63":{"start":{"line":64,"column":0},"end":{"line":64,"column":72}},"64":{"start":{"line":65,"column":0},"end":{"line":65,"column":33}},"65":{"start":{"line":66,"column":0},"end":{"line":66,"column":22}},"66":{"start":{"line":67,"column":0},"end":{"line":67,"column":19}},"67":{"start":{"line":68,"column":0},"end":{"line":68,"column":26}},"70":{"start":{"line":71,"column":0},"end":{"line":71,"column":18}},"71":{"start":{"line":72,"column":0},"end":{"line":72,"column":21}},"72":{"start":{"line":73,"column":0},"end":{"line":73,"column":22}},"73":{"start":{"line":74,"column":0},"end":{"line":74,"column":24}},"74":{"start":{"line":75,"column":0},"end":{"line":75,"column":14}},"75":{"start":{"line":76,"column":0},"end":{"line":76,"column":3}},"80":{"start":{"line":81,"column":0},"end":{"line":81,"column":49}},"81":{"start":{"line":82,"column":0},"end":{"line":82,"column":13}},"82":{"start":{"line":83,"column":0},"end":{"line":83,"column":80}},"83":{"start":{"line":84,"column":0},"end":{"line":84,"column":55}},"84":{"start":{"line":85,"column":0},"end":{"line":85,"column":4}},"89":{"start":{"line":90,"column":0},"end":{"line":90,"column":23}},"90":{"start":{"line":91,"column":0},"end":{"line":91,"column":34}},"92":{"start":{"line":93,"column":0},"end":{"line":93,"column":26}},"93":{"start":{"line":94,"column":0},"end":{"line":94,"column":26}},"96":{"start":{"line":97,"column":0},"end":{"line":97,"column":20}},"97":{"start":{"line":98,"column":0},"end":{"line":98,"column":21}},"98":{"start":{"line":99,"column":0},"end":{"line":99,"column":21}},"99":{"start":{"line":100,"column":0},"end":{"line":100,"column":24}},"100":{"start":{"line":101,"column":0},"end":{"line":101,"column":5}},"103":{"start":{"line":104,"column":0},"end":{"line":104,"column":25}},"106":{"start":{"line":107,"column":0},"end":{"line":107,"column":37}},"107":{"start":{"line":108,"column":0},"end":{"line":108,"column":24}},"108":{"start":{"line":109,"column":0},"end":{"line":109,"column":22}},"109":{"start":{"line":110,"column":0},"end":{"line":110,"column":19}},"110":{"start":{"line":111,"column":0},"end":{"line":111,"column":43}},"111":{"start":{"line":112,"column":0},"end":{"line":112,"column":3}},"116":{"start":{"line":117,"column":0},"end":{"line":117,"column":22}},"117":{"start":{"line":118,"column":0},"end":{"line":118,"column":16}},"118":{"start":{"line":119,"column":0},"end":{"line":119,"column":25}},"119":{"start":{"line":120,"column":0},"end":{"line":120,"column":18}},"120":{"start":{"line":121,"column":0},"end":{"line":121,"column":5}},"121":{"start":{"line":122,"column":0},"end":{"line":122,"column":19}},"122":{"start":{"line":123,"column":0},"end":{"line":123,"column":22}},"123":{"start":{"line":124,"column":0},"end":{"line":124,"column":23}},"124":{"start":{"line":125,"column":0},"end":{"line":125,"column":5}},"125":{"start":{"line":126,"column":0},"end":{"line":126,"column":17}},"126":{"start":{"line":127,"column":0},"end":{"line":127,"column":3}},"131":{"start":{"line":132,"column":0},"end":{"line":132,"column":23}},"132":{"start":{"line":133,"column":0},"end":{"line":133,"column":20}},"133":{"start":{"line":134,"column":0},"end":{"line":134,"column":13}},"134":{"start":{"line":135,"column":0},"end":{"line":135,"column":5}},"135":{"start":{"line":136,"column":0},"end":{"line":136,"column":3}},"140":{"start":{"line":141,"column":0},"end":{"line":141,"column":23}},"141":{"start":{"line":142,"column":0},"end":{"line":142,"column":16}},"142":{"start":{"line":143,"column":0},"end":{"line":143,"column":25}},"143":{"start":{"line":144,"column":0},"end":{"line":144,"column":18}},"144":{"start":{"line":145,"column":0},"end":{"line":145,"column":5}},"145":{"start":{"line":146,"column":0},"end":{"line":146,"column":3}},"150":{"start":{"line":151,"column":0},"end":{"line":151,"column":24}},"151":{"start":{"line":152,"column":0},"end":{"line":152,"column":19}},"152":{"start":{"line":153,"column":0},"end":{"line":153,"column":13}},"153":{"start":{"line":154,"column":0},"end":{"line":154,"column":5}},"154":{"start":{"line":155,"column":0},"end":{"line":155,"column":3}},"157":{"start":{"line":158,"column":0},"end":{"line":158,"column":25}},"158":{"start":{"line":159,"column":0},"end":{"line":159,"column":11}},"159":{"start":{"line":160,"column":0},"end":{"line":160,"column":3}},"161":{"start":{"line":162,"column":0},"end":{"line":162,"column":10}},"162":{"start":{"line":163,"column":0},"end":{"line":163,"column":10}},"163":{"start":{"line":164,"column":0},"end":{"line":164,"column":10}},"164":{"start":{"line":165,"column":0},"end":{"line":165,"column":9}},"165":{"start":{"line":166,"column":0},"end":{"line":166,"column":10}},"166":{"start":{"line":167,"column":0},"end":{"line":167,"column":11}},"167":{"start":{"line":168,"column":0},"end":{"line":168,"column":12}},"168":{"start":{"line":169,"column":0},"end":{"line":169,"column":3}},"169":{"start":{"line":170,"column":0},"end":{"line":170,"column":1}}},"s":{"63":1,"64":7,"65":7,"66":7,"67":7,"70":7,"71":7,"72":7,"73":7,"74":7,"75":7,"80":7,"81":5,"82":5,"83":5,"84":5,"89":7,"90":7,"92":7,"93":7,"96":7,"97":6,"98":6,"99":6,"100":6,"103":7,"106":7,"107":5,"108":5,"109":5,"110":7,"111":7,"116":7,"117":1,"118":1,"119":1,"120":1,"121":1,"122":1,"123":1,"124":1,"125":1,"126":1,"131":7,"132":5,"133":5,"134":5,"135":5,"140":7,"141":1,"142":1,"143":1,"144":1,"145":1,"150":7,"151":1,"152":1,"153":1,"154":1,"157":7,"158":1,"159":1,"161":7,"162":7,"163":7,"164":7,"165":7,"166":7,"167":7,"168":7,"169":7},"branchMap":{"0":{"type":"branch","line":64,"loc":{"start":{"line":64,"column":7},"end":{"line":170,"column":1}},"locations":[{"start":{"line":64,"column":7},"end":{"line":170,"column":1}}]},"1":{"type":"branch","line":158,"loc":{"start":{"line":158,"column":24},"end":{"line":160,"column":3}},"locations":[{"start":{"line":158,"column":24},"end":{"line":160,"column":3}}]},"2":{"type":"branch","line":81,"loc":{"start":{"line":81,"column":19},"end":{"line":85,"column":4}},"locations":[{"start":{"line":81,"column":19},"end":{"line":85,"column":4}}]},"3":{"type":"branch","line":83,"loc":{"start":{"line":83,"column":19},"end":{"line":83,"column":78}},"locations":[{"start":{"line":83,"column":19},"end":{"line":83,"column":78}}]},"4":{"type":"branch","line":83,"loc":{"start":{"line":83,"column":58},"end":{"line":83,"column":80}},"locations":[{"start":{"line":83,"column":58},"end":{"line":83,"column":80}}]},"5":{"type":"branch","line":84,"loc":{"start":{"line":84,"column":17},"end":{"line":84,"column":54}},"locations":[{"start":{"line":84,"column":17},"end":{"line":84,"column":54}}]},"6":{"type":"branch","line":84,"loc":{"start":{"line":84,"column":42},"end":{"line":84,"column":55}},"locations":[{"start":{"line":84,"column":42},"end":{"line":84,"column":55}}]},"7":{"type":"branch","line":90,"loc":{"start":{"line":90,"column":16},"end":{"line":112,"column":3}},"locations":[{"start":{"line":90,"column":16},"end":{"line":112,"column":3}}]},"8":{"type":"branch","line":91,"loc":{"start":{"line":91,"column":15},"end":{"line":91,"column":34}},"locations":[{"start":{"line":91,"column":15},"end":{"line":91,"column":34}}]},"9":{"type":"branch","line":97,"loc":{"start":{"line":97,"column":19},"end":{"line":101,"column":5}},"locations":[{"start":{"line":97,"column":19},"end":{"line":101,"column":5}}]},"10":{"type":"branch","line":100,"loc":{"start":{"line":100,"column":13},"end":{"line":100,"column":24}},"locations":[{"start":{"line":100,"column":13},"end":{"line":100,"column":24}}]},"11":{"type":"branch","line":104,"loc":{"start":{"line":104,"column":11},"end":{"line":104,"column":25}},"locations":[{"start":{"line":104,"column":11},"end":{"line":104,"column":25}}]},"12":{"type":"branch","line":107,"loc":{"start":{"line":107,"column":30},"end":{"line":111,"column":7}},"locations":[{"start":{"line":107,"column":30},"end":{"line":111,"column":7}}]},"13":{"type":"branch","line":117,"loc":{"start":{"line":117,"column":15},"end":{"line":127,"column":3}},"locations":[{"start":{"line":117,"column":15},"end":{"line":127,"column":3}}]},"14":{"type":"branch","line":132,"loc":{"start":{"line":132,"column":16},"end":{"line":136,"column":3}},"locations":[{"start":{"line":132,"column":16},"end":{"line":136,"column":3}}]},"15":{"type":"branch","line":141,"loc":{"start":{"line":141,"column":16},"end":{"line":146,"column":3}},"locations":[{"start":{"line":141,"column":16},"end":{"line":146,"column":3}}]},"16":{"type":"branch","line":151,"loc":{"start":{"line":151,"column":17},"end":{"line":155,"column":3}},"locations":[{"start":{"line":151,"column":17},"end":{"line":155,"column":3}}]}},"b":{"0":[7],"1":[1],"2":[5],"3":[3],"4":[2],"5":[3],"6":[2],"7":[7],"8":[0],"9":[6],"10":[1],"11":[1],"12":[5],"13":[1],"14":[5],"15":[1],"16":[1]},"fnMap":{"0":{"name":"createActivityMonitor","decl":{"start":{"line":64,"column":7},"end":{"line":170,"column":1}},"loc":{"start":{"line":64,"column":7},"end":{"line":170,"column":1}},"line":64},"1":{"name":"getState","decl":{"start":{"line":81,"column":19},"end":{"line":85,"column":4}},"loc":{"start":{"line":81,"column":19},"end":{"line":85,"column":4}},"line":81},"2":{"name":"check","decl":{"start":{"line":90,"column":16},"end":{"line":112,"column":3}},"loc":{"start":{"line":90,"column":16},"end":{"line":112,"column":3}},"line":90},"3":{"name":"stop","decl":{"start":{"line":117,"column":15},"end":{"line":127,"column":3}},"loc":{"start":{"line":117,"column":15},"end":{"line":127,"column":3}},"line":117},"4":{"name":"start","decl":{"start":{"line":132,"column":16},"end":{"line":136,"column":3}},"loc":{"start":{"line":132,"column":16},"end":{"line":136,"column":3}},"line":132},"5":{"name":"pause","decl":{"start":{"line":141,"column":16},"end":{"line":146,"column":3}},"loc":{"start":{"line":141,"column":16},"end":{"line":146,"column":3}},"line":141},"6":{"name":"resume","decl":{"start":{"line":151,"column":17},"end":{"line":155,"column":3}},"loc":{"start":{"line":151,"column":17},"end":{"line":155,"column":3}},"line":151}},"f":{"0":7,"1":5,"2":7,"3":1,"4":5,"5":1,"6":1}}
,"E:\\project\\node\\utils\\src\\common\\date.ts": {"path":"E:\\project\\node\\utils\\src\\common\\date.ts","all":false,"statementMap":{"24":{"start":{"line":25,"column":0},"end":{"line":25,"column":26}},"25":{"start":{"line":26,"column":0},"end":{"line":26,"column":12}},"26":{"start":{"line":27,"column":0},"end":{"line":27,"column":18}},"27":{"start":{"line":28,"column":0},"end":{"line":28,"column":24}},"28":{"start":{"line":29,"column":0},"end":{"line":29,"column":25}},"29":{"start":{"line":30,"column":0},"end":{"line":30,"column":23}},"30":{"start":{"line":31,"column":0},"end":{"line":31,"column":21}},"31":{"start":{"line":32,"column":0},"end":{"line":32,"column":22}},"32":{"start":{"line":33,"column":0},"end":{"line":33,"column":24}},"33":{"start":{"line":34,"column":0},"end":{"line":34,"column":22}},"34":{"start":{"line":35,"column":0},"end":{"line":35,"column":22}},"35":{"start":{"line":36,"column":0},"end":{"line":36,"column":19}},"36":{"start":{"line":37,"column":0},"end":{"line":37,"column":4}},"37":{"start":{"line":38,"column":0},"end":{"line":38,"column":12}},"38":{"start":{"line":39,"column":0},"end":{"line":39,"column":24}},"39":{"start":{"line":40,"column":0},"end":{"line":40,"column":31}},"40":{"start":{"line":41,"column":0},"end":{"line":41,"column":31}},"41":{"start":{"line":42,"column":0},"end":{"line":42,"column":27}},"42":{"start":{"line":43,"column":0},"end":{"line":43,"column":25}},"43":{"start":{"line":44,"column":0},"end":{"line":44,"column":27}},"44":{"start":{"line":45,"column":0},"end":{"line":45,"column":29}},"45":{"start":{"line":46,"column":0},"end":{"line":46,"column":27}},"46":{"start":{"line":47,"column":0},"end":{"line":47,"column":24}},"47":{"start":{"line":48,"column":0},"end":{"line":48,"column":22}},"48":{"start":{"line":49,"column":0},"end":{"line":49,"column":3}},"49":{"start":{"line":50,"column":0},"end":{"line":50,"column":10}},"84":{"start":{"line":85,"column":0},"end":{"line":85,"column":32}},"85":{"start":{"line":86,"column":0},"end":{"line":86,"column":31}},"86":{"start":{"line":87,"column":0},"end":{"line":87,"column":31}},"87":{"start":{"line":88,"column":0},"end":{"line":88,"column":11}},"89":{"start":{"line":90,"column":0},"end":{"line":90,"column":9}},"90":{"start":{"line":91,"column":0},"end":{"line":91,"column":21}},"91":{"start":{"line":92,"column":0},"end":{"line":92,"column":21}},"92":{"start":{"line":93,"column":0},"end":{"line":93,"column":72}},"93":{"start":{"line":94,"column":0},"end":{"line":94,"column":19}},"96":{"start":{"line":97,"column":0},"end":{"line":97,"column":35}},"97":{"start":{"line":98,"column":0},"end":{"line":98,"column":35}},"100":{"start":{"line":101,"column":0},"end":{"line":101,"column":36}},"101":{"start":{"line":102,"column":0},"end":{"line":102,"column":34}},"102":{"start":{"line":103,"column":0},"end":{"line":103,"column":3}},"103":{"start":{"line":104,"column":0},"end":{"line":104,"column":37}},"104":{"start":{"line":105,"column":0},"end":{"line":105,"column":34}},"105":{"start":{"line":106,"column":0},"end":{"line":106,"column":3}},"108":{"start":{"line":109,"column":0},"end":{"line":109,"column":59}},"109":{"start":{"line":110,"column":0},"end":{"line":110,"column":32}},"110":{"start":{"line":111,"column":0},"end":{"line":111,"column":27}},"113":{"start":{"line":114,"column":0},"end":{"line":114,"column":21}},"114":{"start":{"line":115,"column":0},"end":{"line":115,"column":28}},"115":{"start":{"line":116,"column":0},"end":{"line":116,"column":26}},"116":{"start":{"line":117,"column":0},"end":{"line":117,"column":23}},"117":{"start":{"line":118,"column":0},"end":{"line":118,"column":22}},"118":{"start":{"line":119,"column":0},"end":{"line":119,"column":24}},"119":{"start":{"line":120,"column":0},"end":{"line":120,"column":24}},"122":{"start":{"line":123,"column":0},"end":{"line":123,"column":19}},"123":{"start":{"line":124,"column":0},"end":{"line":124,"column":60}},"125":{"start":{"line":126,"column":0},"end":{"line":126,"column":43}},"126":{"start":{"line":127,"column":0},"end":{"line":127,"column":28}},"127":{"start":{"line":128,"column":0},"end":{"line":128,"column":46}},"128":{"start":{"line":129,"column":0},"end":{"line":129,"column":40}},"129":{"start":{"line":130,"column":0},"end":{"line":130,"column":45}},"130":{"start":{"line":131,"column":0},"end":{"line":131,"column":44}},"131":{"start":{"line":132,"column":0},"end":{"line":132,"column":40}},"132":{"start":{"line":133,"column":0},"end":{"line":133,"column":45}},"133":{"start":{"line":134,"column":0},"end":{"line":134,"column":42}},"134":{"start":{"line":135,"column":0},"end":{"line":135,"column":38}},"135":{"start":{"line":136,"column":0},"end":{"line":136,"column":43}},"136":{"start":{"line":137,"column":0},"end":{"line":137,"column":43}},"137":{"start":{"line":138,"column":0},"end":{"line":138,"column":37}},"138":{"start":{"line":139,"column":0},"end":{"line":139,"column":42}},"139":{"start":{"line":140,"column":0},"end":{"line":140,"column":44}},"140":{"start":{"line":141,"column":0},"end":{"line":141,"column":38}},"141":{"start":{"line":142,"column":0},"end":{"line":142,"column":43}},"142":{"start":{"line":143,"column":0},"end":{"line":143,"column":43}},"143":{"start":{"line":144,"column":0},"end":{"line":144,"column":39}},"144":{"start":{"line":145,"column":0},"end":{"line":145,"column":44}},"145":{"start":{"line":146,"column":0},"end":{"line":146,"column":25}},"146":{"start":{"line":147,"column":0},"end":{"line":147,"column":38}},"147":{"start":{"line":148,"column":0},"end":{"line":148,"column":43}},"148":{"start":{"line":149,"column":0},"end":{"line":149,"column":3}},"151":{"start":{"line":152,"column":0},"end":{"line":152,"column":85}},"152":{"start":{"line":153,"column":0},"end":{"line":153,"column":17}},"153":{"start":{"line":154,"column":0},"end":{"line":154,"column":62}},"154":{"start":{"line":155,"column":0},"end":{"line":155,"column":60}},"155":{"start":{"line":156,"column":0},"end":{"line":156,"column":1}}},"s":{"24":1,"25":1,"26":1,"27":1,"28":1,"29":1,"30":1,"31":1,"32":1,"33":1,"34":1,"35":1,"36":1,"37":1,"38":1,"39":1,"40":1,"41":1,"42":1,"43":1,"44":1,"45":1,"46":1,"47":1,"48":1,"49":1,"84":1,"85":16,"86":16,"87":16,"89":16,"90":16,"91":16,"92":16,"93":16,"96":16,"97":16,"100":16,"101":1,"102":1,"103":16,"104":1,"105":1,"108":14,"109":14,"110":14,"113":14,"114":14,"115":14,"116":14,"117":14,"118":14,"119":14,"122":14,"123":14,"125":16,"126":2,"127":16,"128":3,"129":3,"130":12,"131":3,"132":3,"133":9,"134":1,"135":1,"136":6,"137":1,"138":1,"139":5,"140":1,"141":1,"142":4,"143":1,"144":1,"145":3,"146":2,"147":2,"148":2,"151":16,"152":16,"153":3,"154":9,"155":16},"branchMap":{"0":{"type":"branch","line":85,"loc":{"start":{"line":85,"column":7},"end":{"line":156,"column":1}},"locations":[{"start":{"line":85,"column":7},"end":{"line":156,"column":1}}]},"1":{"type":"branch","line":94,"loc":{"start":{"line":94,"column":6},"end":{"line":94,"column":19}},"locations":[{"start":{"line":94,"column":6},"end":{"line":94,"column":19}}]},"2":{"type":"branch","line":101,"loc":{"start":{"line":101,"column":35},"end":{"line":103,"column":3}},"locations":[{"start":{"line":101,"column":35},"end":{"line":103,"column":3}}]},"3":{"type":"branch","line":103,"loc":{"start":{"line":103,"column":2},"end":{"line":104,"column":36}},"locations":[{"start":{"line":103,"column":2},"end":{"line":104,"column":36}}]},"4":{"type":"branch","line":104,"loc":{"start":{"line":104,"column":36},"end":{"line":106,"column":3}},"locations":[{"start":{"line":104,"column":36},"end":{"line":106,"column":3}}]},"5":{"type":"branch","line":106,"loc":{"start":{"line":106,"column":2},"end":{"line":126,"column":28}},"locations":[{"start":{"line":106,"column":2},"end":{"line":126,"column":28}}]},"6":{"type":"branch","line":126,"loc":{"start":{"line":126,"column":28},"end":{"line":128,"column":13}},"locations":[{"start":{"line":126,"column":28},"end":{"line":128,"column":13}}]},"7":{"type":"branch","line":128,"loc":{"start":{"line":128,"column":2},"end":{"line":152,"column":43}},"locations":[{"start":{"line":128,"column":2},"end":{"line":152,"column":43}}]},"8":{"type":"branch","line":128,"loc":{"start":{"line":128,"column":31},"end":{"line":131,"column":13}},"locations":[{"start":{"line":128,"column":31},"end":{"line":131,"column":13}}]},"9":{"type":"branch","line":131,"loc":{"start":{"line":131,"column":2},"end":{"line":149,"column":3}},"locations":[{"start":{"line":131,"column":2},"end":{"line":149,"column":3}}]},"10":{"type":"branch","line":131,"loc":{"start":{"line":131,"column":29},"end":{"line":134,"column":13}},"locations":[{"start":{"line":131,"column":29},"end":{"line":134,"column":13}}]},"11":{"type":"branch","line":134,"loc":{"start":{"line":134,"column":2},"end":{"line":149,"column":3}},"locations":[{"start":{"line":134,"column":2},"end":{"line":149,"column":3}}]},"12":{"type":"branch","line":134,"loc":{"start":{"line":134,"column":28},"end":{"line":137,"column":13}},"locations":[{"start":{"line":134,"column":28},"end":{"line":137,"column":13}}]},"13":{"type":"branch","line":137,"loc":{"start":{"line":137,"column":2},"end":{"line":149,"column":3}},"locations":[{"start":{"line":137,"column":2},"end":{"line":149,"column":3}}]},"14":{"type":"branch","line":137,"loc":{"start":{"line":137,"column":29},"end":{"line":140,"column":13}},"locations":[{"start":{"line":137,"column":29},"end":{"line":140,"column":13}}]},"15":{"type":"branch","line":140,"loc":{"start":{"line":140,"column":2},"end":{"line":149,"column":3}},"locations":[{"start":{"line":140,"column":2},"end":{"line":149,"column":3}}]},"16":{"type":"branch","line":140,"loc":{"start":{"line":140,"column":30},"end":{"line":143,"column":13}},"locations":[{"start":{"line":140,"column":30},"end":{"line":143,"column":13}}]},"17":{"type":"branch","line":143,"loc":{"start":{"line":143,"column":2},"end":{"line":149,"column":3}},"locations":[{"start":{"line":143,"column":2},"end":{"line":149,"column":3}}]},"18":{"type":"branch","line":143,"loc":{"start":{"line":143,"column":29},"end":{"line":146,"column":9}},"locations":[{"start":{"line":143,"column":29},"end":{"line":146,"column":9}}]},"19":{"type":"branch","line":146,"loc":{"start":{"line":146,"column":2},"end":{"line":149,"column":3}},"locations":[{"start":{"line":146,"column":2},"end":{"line":149,"column":3}}]},"20":{"type":"branch","line":152,"loc":{"start":{"line":152,"column":70},"end":{"line":152,"column":85}},"locations":[{"start":{"line":152,"column":70},"end":{"line":152,"column":85}}]},"21":{"type":"branch","line":153,"loc":{"start":{"line":153,"column":9},"end":{"line":154,"column":62}},"locations":[{"start":{"line":153,"column":9},"end":{"line":154,"column":62}}]},"22":{"type":"branch","line":154,"loc":{"start":{"line":154,"column":49},"end":{"line":154,"column":62}},"locations":[{"start":{"line":154,"column":49},"end":{"line":154,"column":62}}]},"23":{"type":"branch","line":154,"loc":{"start":{"line":154,"column":54},"end":{"line":155,"column":60}},"locations":[{"start":{"line":154,"column":54},"end":{"line":155,"column":60}}]},"24":{"type":"branch","line":155,"loc":{"start":{"line":155,"column":47},"end":{"line":155,"column":60}},"locations":[{"start":{"line":155,"column":47},"end":{"line":155,"column":60}}]}},"b":{"0":[16],"1":[1],"2":[1],"3":[15],"4":[1],"5":[14],"6":[2],"7":[12],"8":[3],"9":[9],"10":[3],"11":[6],"12":[1],"13":[5],"14":[1],"15":[4],"16":[1],"17":[3],"18":[1],"19":[2],"20":[0],"21":[3],"22":[0],"23":[9],"24":[0]},"fnMap":{"0":{"name":"getRelativeTime","decl":{"start":{"line":85,"column":7},"end":{"line":156,"column":1}},"loc":{"start":{"line":85,"column":7},"end":{"line":156,"column":1}},"line":85}},"f":{"0":16}}
,"E:\\project\\node\\utils\\src\\common\\env.ts": {"path":"E:\\project\\node\\utils\\src\\common\\env.ts","all":false,"statementMap":{"9":{"start":{"line":10,"column":0},"end":{"line":10,"column":57}},"10":{"start":{"line":11,"column":0},"end":{"line":11,"column":75}},"11":{"start":{"line":12,"column":0},"end":{"line":12,"column":25}},"12":{"start":{"line":13,"column":0},"end":{"line":13,"column":5}},"13":{"start":{"line":14,"column":0},"end":{"line":14,"column":86}},"14":{"start":{"line":15,"column":0},"end":{"line":15,"column":22}},"15":{"start":{"line":16,"column":0},"end":{"line":16,"column":5}},"16":{"start":{"line":17,"column":0},"end":{"line":17,"column":21}},"17":{"start":{"line":18,"column":0},"end":{"line":18,"column":1}},"22":{"start":{"line":23,"column":0},"end":{"line":23,"column":38}},"23":{"start":{"line":24,"column":0},"end":{"line":24,"column":45}},"24":{"start":{"line":25,"column":0},"end":{"line":25,"column":1}},"29":{"start":{"line":30,"column":0},"end":{"line":30,"column":35}},"30":{"start":{"line":31,"column":0},"end":{"line":31,"column":42}},"31":{"start":{"line":32,"column":0},"end":{"line":32,"column":1}},"38":{"start":{"line":39,"column":0},"end":{"line":39,"column":83}},"39":{"start":{"line":40,"column":0},"end":{"line":40,"column":43}},"40":{"start":{"line":41,"column":0},"end":{"line":41,"column":29}},"41":{"start":{"line":42,"column":0},"end":{"line":42,"column":75}},"42":{"start":{"line":43,"column":0},"end":{"line":43,"column":5}},"43":{"start":{"line":44,"column":0},"end":{"line":44,"column":1}}},"s":{"9":1,"10":3,"11":3,"12":3,"13":3,"14":0,"15":0,"16":0,"17":0,"22":1,"23":0,"24":0,"29":1,"30":0,"31":0,"38":1,"39":3,"40":3,"41":0,"42":0,"43":3},"branchMap":{"0":{"type":"branch","line":10,"loc":{"start":{"line":10,"column":7},"end":{"line":18,"column":1}},"locations":[{"start":{"line":10,"column":7},"end":{"line":18,"column":1}}]},"1":{"type":"branch","line":13,"loc":{"start":{"line":13,"column":4},"end":{"line":14,"column":62}},"locations":[{"start":{"line":13,"column":4},"end":{"line":14,"column":62}}]},"2":{"type":"branch","line":14,"loc":{"start":{"line":14,"column":50},"end":{"line":14,"column":85}},"locations":[{"start":{"line":14,"column":50},"end":{"line":14,"column":85}}]},"3":{"type":"branch","line":14,"loc":{"start":{"line":14,"column":85},"end":{"line":18,"column":1}},"locations":[{"start":{"line":14,"column":85},"end":{"line":18,"column":1}}]},"4":{"type":"branch","line":39,"loc":{"start":{"line":39,"column":7},"end":{"line":44,"column":1}},"locations":[{"start":{"line":39,"column":7},"end":{"line":44,"column":1}}]},"5":{"type":"branch","line":41,"loc":{"start":{"line":41,"column":28},"end":{"line":43,"column":5}},"locations":[{"start":{"line":41,"column":28},"end":{"line":43,"column":5}}]}},"b":{"0":[3],"1":[0],"2":[0],"3":[0],"4":[3],"5":[0]},"fnMap":{"0":{"name":"detectEnvironment","decl":{"start":{"line":10,"column":7},"end":{"line":18,"column":1}},"loc":{"start":{"line":10,"column":7},"end":{"line":18,"column":1}},"line":10},"1":{"name":"isBrowser","decl":{"start":{"line":23,"column":7},"end":{"line":25,"column":1}},"loc":{"start":{"line":23,"column":7},"end":{"line":25,"column":1}},"line":23},"2":{"name":"isNode","decl":{"start":{"line":30,"column":7},"end":{"line":32,"column":1}},"loc":{"start":{"line":30,"column":7},"end":{"line":32,"column":1}},"line":30},"3":{"name":"ensureEnvironment","decl":{"start":{"line":39,"column":7},"end":{"line":44,"column":1}},"loc":{"start":{"line":39,"column":7},"end":{"line":44,"column":1}},"line":39}},"f":{"0":3,"1":0,"2":0,"3":3}}
,"E:\\project\\node\\utils\\src\\common\\format.ts": {"path":"E:\\project\\node\\utils\\src\\common\\format.ts","all":false,"statementMap":{"47":{"start":{"line":48,"column":0},"end":{"line":48,"column":28}},"48":{"start":{"line":49,"column":0},"end":{"line":49,"column":18}},"49":{"start":{"line":50,"column":0},"end":{"line":50,"column":15}},"60":{"start":{"line":61,"column":0},"end":{"line":61,"column":11}},"62":{"start":{"line":63,"column":0},"end":{"line":63,"column":34}},"63":{"start":{"line":64,"column":0},"end":{"line":64,"column":49}},"64":{"start":{"line":65,"column":0},"end":{"line":65,"column":53}},"65":{"start":{"line":66,"column":0},"end":{"line":66,"column":5}},"68":{"start":{"line":69,"column":0},"end":{"line":69,"column":11}},"69":{"start":{"line":70,"column":0},"end":{"line":70,"column":20}},"70":{"start":{"line":71,"column":0},"end":{"line":71,"column":22}},"71":{"start":{"line":72,"column":0},"end":{"line":72,"column":22}},"72":{"start":{"line":73,"column":0},"end":{"line":73,"column":19}},"73":{"start":{"line":74,"column":0},"end":{"line":74,"column":28}},"74":{"start":{"line":75,"column":0},"end":{"line":75,"column":44}},"75":{"start":{"line":76,"column":0},"end":{"line":76,"column":21}},"76":{"start":{"line":77,"column":0},"end":{"line":77,"column":72}},"77":{"start":{"line":78,"column":0},"end":{"line":78,"column":94}},"78":{"start":{"line":79,"column":0},"end":{"line":79,"column":5}},"80":{"start":{"line":81,"column":0},"end":{"line":81,"column":52}},"81":{"start":{"line":82,"column":0},"end":{"line":82,"column":94}},"82":{"start":{"line":83,"column":0},"end":{"line":83,"column":5}},"83":{"start":{"line":84,"column":0},"end":{"line":84,"column":20}},"84":{"start":{"line":85,"column":0},"end":{"line":85,"column":95}},"85":{"start":{"line":86,"column":0},"end":{"line":86,"column":5}},"88":{"start":{"line":89,"column":0},"end":{"line":89,"column":22}},"89":{"start":{"line":90,"column":0},"end":{"line":90,"column":81}},"90":{"start":{"line":91,"column":0},"end":{"line":91,"column":5}},"93":{"start":{"line":94,"column":0},"end":{"line":94,"column":36}},"94":{"start":{"line":95,"column":0},"end":{"line":95,"column":75}},"95":{"start":{"line":96,"column":0},"end":{"line":96,"column":63}},"97":{"start":{"line":98,"column":0},"end":{"line":98,"column":37}},"98":{"start":{"line":99,"column":0},"end":{"line":99,"column":20}},"99":{"start":{"line":100,"column":0},"end":{"line":100,"column":27}},"102":{"start":{"line":103,"column":0},"end":{"line":103,"column":21}},"103":{"start":{"line":104,"column":0},"end":{"line":104,"column":30}},"106":{"start":{"line":107,"column":0},"end":{"line":107,"column":44}},"107":{"start":{"line":108,"column":0},"end":{"line":108,"column":54}},"108":{"start":{"line":109,"column":0},"end":{"line":109,"column":20}},"109":{"start":{"line":110,"column":0},"end":{"line":110,"column":19}},"110":{"start":{"line":111,"column":0},"end":{"line":111,"column":5}},"113":{"start":{"line":114,"column":0},"end":{"line":114,"column":48}},"114":{"start":{"line":115,"column":0},"end":{"line":115,"column":16}},"115":{"start":{"line":116,"column":0},"end":{"line":116,"column":52}},"116":{"start":{"line":117,"column":0},"end":{"line":117,"column":15}},"117":{"start":{"line":118,"column":0},"end":{"line":118,"column":15}},"121":{"start":{"line":122,"column":0},"end":{"line":122,"column":53}},"122":{"start":{"line":123,"column":0},"end":{"line":123,"column":41}},"123":{"start":{"line":124,"column":0},"end":{"line":124,"column":40}},"124":{"start":{"line":125,"column":0},"end":{"line":125,"column":19}},"126":{"start":{"line":127,"column":0},"end":{"line":127,"column":48}},"127":{"start":{"line":128,"column":0},"end":{"line":128,"column":1}}},"s":{"47":1,"48":21,"49":21,"60":21,"62":21,"63":21,"64":21,"65":21,"68":21,"69":21,"70":21,"71":21,"72":21,"73":21,"74":21,"75":21,"76":21,"77":3,"78":3,"80":21,"81":0,"82":0,"83":21,"84":1,"85":1,"88":21,"89":2,"90":2,"93":15,"94":2,"95":13,"97":21,"98":1,"99":14,"102":21,"103":21,"106":21,"107":21,"108":20,"109":20,"110":20,"113":15,"114":2,"115":13,"116":8,"117":5,"121":21,"122":21,"123":21,"124":21,"126":21,"127":21},"branchMap":{"0":{"type":"branch","line":48,"loc":{"start":{"line":48,"column":7},"end":{"line":128,"column":1}},"locations":[{"start":{"line":48,"column":7},"end":{"line":128,"column":1}}]},"1":{"type":"branch","line":76,"loc":{"start":{"line":76,"column":8},"end":{"line":76,"column":21}},"locations":[{"start":{"line":76,"column":8},"end":{"line":76,"column":21}}]},"2":{"type":"branch","line":77,"loc":{"start":{"line":77,"column":48},"end":{"line":77,"column":71}},"locations":[{"start":{"line":77,"column":48},"end":{"line":77,"column":71}}]},"3":{"type":"branch","line":77,"loc":{"start":{"line":77,"column":71},"end":{"line":79,"column":5}},"locations":[{"start":{"line":77,"column":71},"end":{"line":79,"column":5}}]},"4":{"type":"branch","line":78,"loc":{"start":{"line":78,"column":42},"end":{"line":78,"column":93}},"locations":[{"start":{"line":78,"column":42},"end":{"line":78,"column":93}}]},"5":{"type":"branch","line":79,"loc":{"start":{"line":79,"column":4},"end":{"line":81,"column":51}},"locations":[{"start":{"line":79,"column":4},"end":{"line":81,"column":51}}]},"6":{"type":"branch","line":81,"loc":{"start":{"line":81,"column":51},"end":{"line":83,"column":5}},"locations":[{"start":{"line":81,"column":51},"end":{"line":83,"column":5}}]},"7":{"type":"branch","line":83,"loc":{"start":{"line":83,"column":4},"end":{"line":84,"column":19}},"locations":[{"start":{"line":83,"column":4},"end":{"line":84,"column":19}}]},"8":{"type":"branch","line":84,"loc":{"start":{"line":84,"column":19},"end":{"line":86,"column":5}},"locations":[{"start":{"line":84,"column":19},"end":{"line":86,"column":5}}]},"9":{"type":"branch","line":85,"loc":{"start":{"line":85,"column":43},"end":{"line":85,"column":94}},"locations":[{"start":{"line":85,"column":43},"end":{"line":85,"column":94}}]},"10":{"type":"branch","line":86,"loc":{"start":{"line":86,"column":4},"end":{"line":89,"column":21}},"locations":[{"start":{"line":86,"column":4},"end":{"line":89,"column":21}}]},"11":{"type":"branch","line":89,"loc":{"start":{"line":89,"column":21},"end":{"line":91,"column":5}},"locations":[{"start":{"line":89,"column":21},"end":{"line":91,"column":5}}]},"12":{"type":"branch","line":90,"loc":{"start":{"line":90,"column":35},"end":{"line":90,"column":51}},"locations":[{"start":{"line":90,"column":35},"end":{"line":90,"column":51}}]},"13":{"type":"branch","line":90,"loc":{"start":{"line":90,"column":46},"end":{"line":90,"column":79}},"locations":[{"start":{"line":90,"column":46},"end":{"line":90,"column":79}}]},"14":{"type":"branch","line":90,"loc":{"start":{"line":90,"column":51},"end":{"line":90,"column":75}},"locations":[{"start":{"line":90,"column":51},"end":{"line":90,"column":75}}]},"15":{"type":"branch","line":91,"loc":{"start":{"line":91,"column":4},"end":{"line":94,"column":36}},"locations":[{"start":{"line":91,"column":4},"end":{"line":94,"column":36}}]},"16":{"type":"branch","line":94,"loc":{"start":{"line":94,"column":25},"end":{"line":95,"column":75}},"locations":[{"start":{"line":94,"column":25},"end":{"line":95,"column":75}}]},"17":{"type":"branch","line":95,"loc":{"start":{"line":95,"column":74},"end":{"line":96,"column":63}},"locations":[{"start":{"line":95,"column":74},"end":{"line":96,"column":63}}]},"18":{"type":"branch","line":98,"loc":{"start":{"line":98,"column":36},"end":{"line":99,"column":20}},"locations":[{"start":{"line":98,"column":36},"end":{"line":99,"column":20}}]},"19":{"type":"branch","line":99,"loc":{"start":{"line":99,"column":19},"end":{"line":100,"column":27}},"locations":[{"start":{"line":99,"column":19},"end":{"line":100,"column":27}}]},"20":{"type":"branch","line":108,"loc":{"start":{"line":108,"column":19},"end":{"line":108,"column":53}},"locations":[{"start":{"line":108,"column":19},"end":{"line":108,"column":53}}]},"21":{"type":"branch","line":108,"loc":{"start":{"line":108,"column":53},"end":{"line":111,"column":5}},"locations":[{"start":{"line":108,"column":53},"end":{"line":111,"column":5}}]},"22":{"type":"branch","line":111,"loc":{"start":{"line":111,"column":4},"end":{"line":114,"column":48}},"locations":[{"start":{"line":111,"column":4},"end":{"line":114,"column":48}}]},"23":{"type":"branch","line":114,"loc":{"start":{"line":114,"column":40},"end":{"line":115,"column":16}},"locations":[{"start":{"line":114,"column":40},"end":{"line":115,"column":16}}]},"24":{"type":"branch","line":115,"loc":{"start":{"line":115,"column":10},"end":{"line":118,"column":15}},"locations":[{"start":{"line":115,"column":10},"end":{"line":118,"column":15}}]},"25":{"type":"branch","line":116,"loc":{"start":{"line":116,"column":18},"end":{"line":116,"column":52}},"locations":[{"start":{"line":116,"column":18},"end":{"line":116,"column":52}}]},"26":{"type":"branch","line":116,"loc":{"start":{"line":116,"column":39},"end":{"line":117,"column":15}},"locations":[{"start":{"line":116,"column":39},"end":{"line":117,"column":15}}]},"27":{"type":"branch","line":117,"loc":{"start":{"line":117,"column":14},"end":{"line":118,"column":15}},"locations":[{"start":{"line":117,"column":14},"end":{"line":118,"column":15}}]}},"b":{"0":[21],"1":[10],"2":[19],"3":[3],"4":[0],"5":[18],"6":[0],"7":[18],"8":[1],"9":[0],"10":[17],"11":[2],"12":[1],"13":[1],"14":[0],"15":[15],"16":[2],"17":[13],"18":[1],"19":[14],"20":[20],"21":[20],"22":[15],"23":[2],"24":[13],"25":[12],"26":[8],"27":[5]},"fnMap":{"0":{"name":"formatBytes","decl":{"start":{"line":48,"column":7},"end":{"line":128,"column":1}},"loc":{"start":{"line":48,"column":7},"end":{"line":128,"column":1}},"line":48}},"f":{"0":21}}
,"E:\\project\\node\\utils\\src\\common\\index.ts": {"path":"E:\\project\\node\\utils\\src\\common\\index.ts","all":false,"statementMap":{"0":{"start":{"line":1,"column":0},"end":{"line":1,"column":26}},"1":{"start":{"line":2,"column":0},"end":{"line":2,"column":22}},"2":{"start":{"line":3,"column":0},"end":{"line":3,"column":24}},"3":{"start":{"line":4,"column":0},"end":{"line":4,"column":24}},"4":{"start":{"line":5,"column":0},"end":{"line":5,"column":23}},"5":{"start":{"line":6,"column":0},"end":{"line":6,"column":27}}},"s":{"0":1,"1":1,"2":1,"3":1,"4":1,"5":1},"branchMap":{},"b":{},"fnMap":{},"f":{}}
,"E:\\project\\node\\utils\\src\\common\\string.ts": {"path":"E:\\project\\node\\utils\\src\\common\\string.ts","all":false,"statementMap":{"24":{"start":{"line":25,"column":0},"end":{"line":25,"column":66}},"25":{"start":{"line":26,"column":0},"end":{"line":26,"column":52}},"26":{"start":{"line":27,"column":0},"end":{"line":27,"column":83}},"27":{"start":{"line":28,"column":0},"end":{"line":28,"column":5}},"29":{"start":{"line":30,"column":0},"end":{"line":30,"column":95}},"30":{"start":{"line":31,"column":0},"end":{"line":31,"column":33}},"31":{"start":{"line":32,"column":0},"end":{"line":32,"column":38}},"32":{"start":{"line":33,"column":0},"end":{"line":33,"column":81}},"33":{"start":{"line":34,"column":0},"end":{"line":34,"column":54}},"34":{"start":{"line":35,"column":0},"end":{"line":35,"column":5}},"35":{"start":{"line":36,"column":0},"end":{"line":36,"column":46}},"36":{"start":{"line":37,"column":0},"end":{"line":37,"column":1}}},"s":{"24":1,"25":5,"26":3,"27":3,"29":2,"30":2,"31":5,"32":1010,"33":1010,"34":1010,"35":2,"36":2},"branchMap":{"0":{"type":"branch","line":25,"loc":{"start":{"line":25,"column":26},"end":{"line":37,"column":1}},"locations":[{"start":{"line":25,"column":26},"end":{"line":37,"column":1}}]},"1":{"type":"branch","line":26,"loc":{"start":{"line":26,"column":26},"end":{"line":26,"column":51}},"locations":[{"start":{"line":26,"column":26},"end":{"line":26,"column":51}}]},"2":{"type":"branch","line":26,"loc":{"start":{"line":26,"column":51},"end":{"line":28,"column":5}},"locations":[{"start":{"line":26,"column":51},"end":{"line":28,"column":5}}]},"3":{"type":"branch","line":28,"loc":{"start":{"line":28,"column":4},"end":{"line":32,"column":37}},"locations":[{"start":{"line":28,"column":4},"end":{"line":32,"column":37}}]},"4":{"type":"branch","line":32,"loc":{"start":{"line":32,"column":37},"end":{"line":35,"column":5}},"locations":[{"start":{"line":32,"column":37},"end":{"line":35,"column":5}}]},"5":{"type":"branch","line":35,"loc":{"start":{"line":35,"column":4},"end":{"line":37,"column":1}},"locations":[{"start":{"line":35,"column":4},"end":{"line":37,"column":1}}]}},"b":{"0":[5],"1":[4],"2":[3],"3":[2],"4":[1010],"5":[2]},"fnMap":{"0":{"name":"genRandStr","decl":{"start":{"line":25,"column":26},"end":{"line":37,"column":1}},"loc":{"start":{"line":25,"column":26},"end":{"line":37,"column":1}},"line":25}},"f":{"0":5}}
,"E:\\project\\node\\utils\\src\\common\\timer.ts": {"path":"E:\\project\\node\\utils\\src\\common\\timer.ts","all":false,"statementMap":{"18":{"start":{"line":19,"column":0},"end":{"line":19,"column":28}},"37":{"start":{"line":38,"column":0},"end":{"line":38,"column":34}},"38":{"start":{"line":39,"column":0},"end":{"line":39,"column":35}},"39":{"start":{"line":40,"column":0},"end":{"line":40,"column":62}},"40":{"start":{"line":41,"column":0},"end":{"line":41,"column":55}},"41":{"start":{"line":42,"column":0},"end":{"line":42,"column":36}},"42":{"start":{"line":43,"column":0},"end":{"line":43,"column":3}},"61":{"start":{"line":62,"column":0},"end":{"line":62,"column":34}},"62":{"start":{"line":63,"column":0},"end":{"line":63,"column":66}},"63":{"start":{"line":64,"column":0},"end":{"line":64,"column":30}},"64":{"start":{"line":65,"column":0},"end":{"line":65,"column":3}},"82":{"start":{"line":83,"column":0},"end":{"line":83,"column":34}},"83":{"start":{"line":84,"column":0},"end":{"line":84,"column":57}},"84":{"start":{"line":85,"column":0},"end":{"line":85,"column":58}},"85":{"start":{"line":86,"column":0},"end":{"line":86,"column":58}},"86":{"start":{"line":87,"column":0},"end":{"line":87,"column":34}},"87":{"start":{"line":88,"column":0},"end":{"line":88,"column":3}},"88":{"start":{"line":89,"column":0},"end":{"line":89,"column":1}},"122":{"start":{"line":123,"column":0},"end":{"line":123,"column":26}},"123":{"start":{"line":124,"column":0},"end":{"line":124,"column":48}},"124":{"start":{"line":125,"column":0},"end":{"line":125,"column":68}},"144":{"start":{"line":145,"column":0},"end":{"line":145,"column":17}},"145":{"start":{"line":146,"column":0},"end":{"line":146,"column":28}},"146":{"start":{"line":147,"column":0},"end":{"line":147,"column":40}},"147":{"start":{"line":148,"column":0},"end":{"line":148,"column":3}},"170":{"start":{"line":171,"column":0},"end":{"line":171,"column":72}},"171":{"start":{"line":172,"column":0},"end":{"line":172,"column":27}},"172":{"start":{"line":173,"column":0},"end":{"line":173,"column":57}},"173":{"start":{"line":174,"column":0},"end":{"line":174,"column":49}},"174":{"start":{"line":175,"column":0},"end":{"line":175,"column":51}},"175":{"start":{"line":176,"column":0},"end":{"line":176,"column":47}},"176":{"start":{"line":177,"column":0},"end":{"line":177,"column":3}},"184":{"start":{"line":185,"column":0},"end":{"line":185,"column":68}},"185":{"start":{"line":186,"column":0},"end":{"line":186,"column":33}},"186":{"start":{"line":187,"column":0},"end":{"line":187,"column":63}},"187":{"start":{"line":188,"column":0},"end":{"line":188,"column":3}},"194":{"start":{"line":195,"column":0},"end":{"line":195,"column":29}},"195":{"start":{"line":196,"column":0},"end":{"line":196,"column":21}},"196":{"start":{"line":197,"column":0},"end":{"line":197,"column":3}},"197":{"start":{"line":198,"column":0},"end":{"line":198,"column":1}},"220":{"start":{"line":221,"column":0},"end":{"line":221,"column":20}},"221":{"start":{"line":222,"column":0},"end":{"line":222,"column":42}},"242":{"start":{"line":243,"column":0},"end":{"line":243,"column":53}},"243":{"start":{"line":244,"column":0},"end":{"line":244,"column":53}},"244":{"start":{"line":245,"column":0},"end":{"line":245,"column":3}},"263":{"start":{"line":264,"column":0},"end":{"line":264,"column":16}},"264":{"start":{"line":265,"column":0},"end":{"line":265,"column":35}},"265":{"start":{"line":266,"column":0},"end":{"line":266,"column":36}},"266":{"start":{"line":267,"column":0},"end":{"line":267,"column":28}},"267":{"start":{"line":268,"column":0},"end":{"line":268,"column":5}},"268":{"start":{"line":269,"column":0},"end":{"line":269,"column":3}},"269":{"start":{"line":270,"column":0},"end":{"line":270,"column":1}},"271":{"start":{"line":272,"column":0},"end":{"line":272,"column":44}},"295":{"start":{"line":296,"column":0},"end":{"line":296,"column":71}},"296":{"start":{"line":297,"column":0},"end":{"line":297,"column":33}},"297":{"start":{"line":298,"column":0},"end":{"line":298,"column":37}},"298":{"start":{"line":299,"column":0},"end":{"line":299,"column":64}},"299":{"start":{"line":300,"column":0},"end":{"line":300,"column":57}},"300":{"start":{"line":301,"column":0},"end":{"line":301,"column":59}},"301":{"start":{"line":302,"column":0},"end":{"line":302,"column":63}},"302":{"start":{"line":303,"column":0},"end":{"line":303,"column":63}},"303":{"start":{"line":304,"column":0},"end":{"line":304,"column":64}},"304":{"start":{"line":305,"column":0},"end":{"line":305,"column":1}},"321":{"start":{"line":322,"column":0},"end":{"line":322,"column":57}},"322":{"start":{"line":323,"column":0},"end":{"line":323,"column":36}},"323":{"start":{"line":324,"column":0},"end":{"line":324,"column":33}},"324":{"start":{"line":325,"column":0},"end":{"line":325,"column":35}},"325":{"start":{"line":326,"column":0},"end":{"line":326,"column":28}},"326":{"start":{"line":327,"column":0},"end":{"line":327,"column":31}},"327":{"start":{"line":328,"column":0},"end":{"line":328,"column":35}},"328":{"start":{"line":329,"column":0},"end":{"line":329,"column":55}},"329":{"start":{"line":330,"column":0},"end":{"line":330,"column":1}},"360":{"start":{"line":361,"column":0},"end":{"line":361,"column":84}},"361":{"start":{"line":362,"column":0},"end":{"line":362,"column":56}},"362":{"start":{"line":363,"column":0},"end":{"line":363,"column":32}},"363":{"start":{"line":364,"column":0},"end":{"line":364,"column":3}},"365":{"start":{"line":366,"column":0},"end":{"line":366,"column":43}},"366":{"start":{"line":367,"column":0},"end":{"line":367,"column":53}},"367":{"start":{"line":368,"column":0},"end":{"line":368,"column":52}},"371":{"start":{"line":372,"column":0},"end":{"line":372,"column":67}},"372":{"start":{"line":373,"column":0},"end":{"line":373,"column":32}},"375":{"start":{"line":376,"column":0},"end":{"line":376,"column":31}},"376":{"start":{"line":377,"column":0},"end":{"line":377,"column":25}},"377":{"start":{"line":378,"column":0},"end":{"line":378,"column":25}},"378":{"start":{"line":379,"column":0},"end":{"line":379,"column":3}},"380":{"start":{"line":381,"column":0},"end":{"line":381,"column":78}},"382":{"start":{"line":383,"column":0},"end":{"line":383,"column":18}},"384":{"start":{"line":385,"column":0},"end":{"line":385,"column":35}},"385":{"start":{"line":386,"column":0},"end":{"line":386,"column":25}},"386":{"start":{"line":387,"column":0},"end":{"line":387,"column":25}},"387":{"start":{"line":388,"column":0},"end":{"line":388,"column":3}},"389":{"start":{"line":390,"column":0},"end":{"line":390,"column":68}},"390":{"start":{"line":391,"column":0},"end":{"line":391,"column":70}},"391":{"start":{"line":392,"column":0},"end":{"line":392,"column":90}},"394":{"start":{"line":395,"column":0},"end":{"line":395,"column":51}},"395":{"start":{"line":396,"column":0},"end":{"line":396,"column":59}},"396":{"start":{"line":397,"column":0},"end":{"line":397,"column":3}},"397":{"start":{"line":398,"column":0},"end":{"line":398,"column":24}},"398":{"start":{"line":399,"column":0},"end":{"line":399,"column":1}}},"s":{"18":1,"37":1,"38":6,"39":6,"40":6,"41":6,"42":6,"61":1,"62":6,"63":6,"64":6,"82":1,"83":6,"84":6,"85":6,"86":6,"87":6,"88":1,"122":1,"123":8,"124":8,"144":8,"145":8,"146":8,"147":8,"170":8,"171":5,"172":5,"173":5,"174":5,"175":5,"176":5,"184":8,"185":2,"186":2,"187":2,"194":8,"195":2,"196":2,"197":8,"220":1,"221":9,"242":9,"243":3,"244":3,"263":9,"264":3,"265":3,"266":3,"267":3,"268":3,"269":9,"271":1,"295":1,"296":5,"297":5,"298":5,"299":5,"300":5,"301":5,"302":5,"303":5,"304":5,"321":1,"322":5,"323":5,"324":5,"325":5,"326":5,"327":5,"328":5,"329":5,"360":1,"361":21,"362":2,"363":2,"365":19,"366":19,"367":19,"371":19,"372":19,"375":21,"376":2,"377":2,"378":2,"380":19,"382":19,"384":21,"385":0,"386":0,"387":0,"389":21,"390":21,"391":21,"394":21,"395":11,"396":11,"397":19,"398":19},"branchMap":{"0":{"type":"branch","line":38,"loc":{"start":{"line":38,"column":2},"end":{"line":43,"column":3}},"locations":[{"start":{"line":38,"column":2},"end":{"line":43,"column":3}}]},"1":{"type":"branch","line":62,"loc":{"start":{"line":62,"column":2},"end":{"line":65,"column":3}},"locations":[{"start":{"line":62,"column":2},"end":{"line":65,"column":3}}]},"2":{"type":"branch","line":83,"loc":{"start":{"line":83,"column":2},"end":{"line":88,"column":3}},"locations":[{"start":{"line":83,"column":2},"end":{"line":88,"column":3}}]},"3":{"type":"branch","line":123,"loc":{"start":{"line":123,"column":25},"end":{"line":198,"column":1}},"locations":[{"start":{"line":123,"column":25},"end":{"line":198,"column":1}}]},"4":{"type":"branch","line":145,"loc":{"start":{"line":145,"column":2},"end":{"line":148,"column":3}},"locations":[{"start":{"line":145,"column":2},"end":{"line":148,"column":3}}]},"5":{"type":"branch","line":171,"loc":{"start":{"line":171,"column":10},"end":{"line":177,"column":3}},"locations":[{"start":{"line":171,"column":10},"end":{"line":177,"column":3}}]},"6":{"type":"branch","line":185,"loc":{"start":{"line":185,"column":9},"end":{"line":188,"column":3}},"locations":[{"start":{"line":185,"column":9},"end":{"line":188,"column":3}}]},"7":{"type":"branch","line":187,"loc":{"start":{"line":187,"column":21},"end":{"line":187,"column":58}},"locations":[{"start":{"line":187,"column":21},"end":{"line":187,"column":58}}]},"8":{"type":"branch","line":195,"loc":{"start":{"line":195,"column":9},"end":{"line":197,"column":3}},"locations":[{"start":{"line":195,"column":9},"end":{"line":197,"column":3}}]},"9":{"type":"branch","line":221,"loc":{"start":{"line":221,"column":19},"end":{"line":270,"column":1}},"locations":[{"start":{"line":221,"column":19},"end":{"line":270,"column":1}}]},"10":{"type":"branch","line":243,"loc":{"start":{"line":243,"column":2},"end":{"line":245,"column":3}},"locations":[{"start":{"line":243,"column":2},"end":{"line":245,"column":3}}]},"11":{"type":"branch","line":264,"loc":{"start":{"line":264,"column":2},"end":{"line":269,"column":3}},"locations":[{"start":{"line":264,"column":2},"end":{"line":269,"column":3}}]},"12":{"type":"branch","line":296,"loc":{"start":{"line":296,"column":37},"end":{"line":305,"column":1}},"locations":[{"start":{"line":296,"column":37},"end":{"line":305,"column":1}}]},"13":{"type":"branch","line":322,"loc":{"start":{"line":322,"column":30},"end":{"line":330,"column":1}},"locations":[{"start":{"line":322,"column":30},"end":{"line":330,"column":1}}]},"14":{"type":"branch","line":361,"loc":{"start":{"line":361,"column":27},"end":{"line":399,"column":1}},"locations":[{"start":{"line":361,"column":27},"end":{"line":399,"column":1}}]},"15":{"type":"branch","line":362,"loc":{"start":{"line":362,"column":26},"end":{"line":362,"column":55}},"locations":[{"start":{"line":362,"column":26},"end":{"line":362,"column":55}}]},"16":{"type":"branch","line":362,"loc":{"start":{"line":362,"column":55},"end":{"line":364,"column":3}},"locations":[{"start":{"line":362,"column":55},"end":{"line":364,"column":3}}]},"17":{"type":"branch","line":364,"loc":{"start":{"line":364,"column":2},"end":{"line":376,"column":30}},"locations":[{"start":{"line":364,"column":2},"end":{"line":376,"column":30}}]},"18":{"type":"branch","line":376,"loc":{"start":{"line":376,"column":30},"end":{"line":379,"column":3}},"locations":[{"start":{"line":376,"column":30},"end":{"line":379,"column":3}}]},"19":{"type":"branch","line":379,"loc":{"start":{"line":379,"column":2},"end":{"line":385,"column":34}},"locations":[{"start":{"line":379,"column":2},"end":{"line":385,"column":34}}]},"20":{"type":"branch","line":385,"loc":{"start":{"line":385,"column":34},"end":{"line":388,"column":3}},"locations":[{"start":{"line":385,"column":34},"end":{"line":388,"column":3}}]},"21":{"type":"branch","line":388,"loc":{"start":{"line":388,"column":2},"end":{"line":390,"column":22}},"locations":[{"start":{"line":388,"column":2},"end":{"line":390,"column":22}}]},"22":{"type":"branch","line":390,"loc":{"start":{"line":390,"column":16},"end":{"line":390,"column":68}},"locations":[{"start":{"line":390,"column":16},"end":{"line":390,"column":68}}]},"23":{"type":"branch","line":390,"loc":{"start":{"line":390,"column":46},"end":{"line":390,"column":60}},"locations":[{"start":{"line":390,"column":46},"end":{"line":390,"column":60}}]},"24":{"type":"branch","line":390,"loc":{"start":{"line":390,"column":53},"end":{"line":390,"column":64}},"locations":[{"start":{"line":390,"column":53},"end":{"line":390,"column":64}}]},"25":{"type":"branch","line":390,"loc":{"start":{"line":390,"column":66},"end":{"line":391,"column":23}},"locations":[{"start":{"line":390,"column":66},"end":{"line":391,"column":23}}]},"26":{"type":"branch","line":391,"loc":{"start":{"line":391,"column":17},"end":{"line":391,"column":70}},"locations":[{"start":{"line":391,"column":17},"end":{"line":391,"column":70}}]},"27":{"type":"branch","line":391,"loc":{"start":{"line":391,"column":48},"end":{"line":391,"column":62}},"locations":[{"start":{"line":391,"column":48},"end":{"line":391,"column":62}}]},"28":{"type":"branch","line":391,"loc":{"start":{"line":391,"column":55},"end":{"line":391,"column":66}},"locations":[{"start":{"line":391,"column":55},"end":{"line":391,"column":66}}]},"29":{"type":"branch","line":391,"loc":{"start":{"line":391,"column":68},"end":{"line":392,"column":33}},"locations":[{"start":{"line":391,"column":68},"end":{"line":392,"column":33}}]},"30":{"type":"branch","line":392,"loc":{"start":{"line":392,"column":27},"end":{"line":392,"column":90}},"locations":[{"start":{"line":392,"column":27},"end":{"line":392,"column":90}}]},"31":{"type":"branch","line":392,"loc":{"start":{"line":392,"column":68},"end":{"line":392,"column":82}},"locations":[{"start":{"line":392,"column":68},"end":{"line":392,"column":82}}]},"32":{"type":"branch","line":392,"loc":{"start":{"line":392,"column":75},"end":{"line":392,"column":86}},"locations":[{"start":{"line":392,"column":75},"end":{"line":392,"column":86}}]},"33":{"type":"branch","line":392,"loc":{"start":{"line":392,"column":88},"end":{"line":395,"column":28}},"locations":[{"start":{"line":392,"column":88},"end":{"line":395,"column":28}}]},"34":{"type":"branch","line":395,"loc":{"start":{"line":395,"column":23},"end":{"line":395,"column":50}},"locations":[{"start":{"line":395,"column":23},"end":{"line":395,"column":50}}]},"35":{"type":"branch","line":395,"loc":{"start":{"line":395,"column":50},"end":{"line":397,"column":3}},"locations":[{"start":{"line":395,"column":50},"end":{"line":397,"column":3}}]},"36":{"type":"branch","line":396,"loc":{"start":{"line":396,"column":37},"end":{"line":396,"column":51}},"locations":[{"start":{"line":396,"column":37},"end":{"line":396,"column":51}}]},"37":{"type":"branch","line":396,"loc":{"start":{"line":396,"column":44},"end":{"line":396,"column":55}},"locations":[{"start":{"line":396,"column":44},"end":{"line":396,"column":55}}]},"38":{"type":"branch","line":397,"loc":{"start":{"line":397,"column":2},"end":{"line":399,"column":1}},"locations":[{"start":{"line":397,"column":2},"end":{"line":399,"column":1}}]}},"b":{"0":[6],"1":[6],"2":[6],"3":[8],"4":[8],"5":[5],"6":[2],"7":[3],"8":[2],"9":[9],"10":[3],"11":[3],"12":[5],"13":[5],"14":[21],"15":[20],"16":[2],"17":[19],"18":[2],"19":[19],"20":[0],"21":[19],"22":[4],"23":[2],"24":[2],"25":[19],"26":[6],"27":[3],"28":[3],"29":[19],"30":[11],"31":[6],"32":[5],"33":[19],"34":[15],"35":[11],"36":[6],"37":[5],"38":[19]},"fnMap":{"0":{"name":"formatDate","decl":{"start":{"line":38,"column":2},"end":{"line":43,"column":3}},"loc":{"start":{"line":38,"column":2},"end":{"line":43,"column":3}},"line":38},"1":{"name":"getWeekday","decl":{"start":{"line":62,"column":2},"end":{"line":65,"column":3}},"loc":{"start":{"line":62,"column":2},"end":{"line":65,"column":3}},"line":62},"2":{"name":"formatTime","decl":{"start":{"line":83,"column":2},"end":{"line":88,"column":3}},"loc":{"start":{"line":83,"column":2},"end":{"line":88,"column":3}},"line":83},"3":{"name":"<instance_members_initializer>","decl":{"start":{"line":123,"column":25},"end":{"line":198,"column":1}},"loc":{"start":{"line":123,"column":25},"end":{"line":198,"column":1}},"line":123},"4":{"name":"TimeUpdater","decl":{"start":{"line":145,"column":2},"end":{"line":148,"column":3}},"loc":{"start":{"line":145,"column":2},"end":{"line":148,"column":3}},"line":145},"5":{"name":"updateDateTime","decl":{"start":{"line":171,"column":10},"end":{"line":177,"column":3}},"loc":{"start":{"line":171,"column":10},"end":{"line":177,"column":3}},"line":171},"6":{"name":"startUpdate","decl":{"start":{"line":185,"column":9},"end":{"line":188,"column":3}},"loc":{"start":{"line":185,"column":9},"end":{"line":188,"column":3}},"line":185},"7":{"name":"stopUpdate","decl":{"start":{"line":195,"column":9},"end":{"line":197,"column":3}},"loc":{"start":{"line":195,"column":9},"end":{"line":197,"column":3}},"line":195},"8":{"name":"<instance_members_initializer>","decl":{"start":{"line":221,"column":19},"end":{"line":270,"column":1}},"loc":{"start":{"line":221,"column":19},"end":{"line":270,"column":1}},"line":221},"9":{"name":"start","decl":{"start":{"line":243,"column":2},"end":{"line":245,"column":3}},"loc":{"start":{"line":243,"column":2},"end":{"line":245,"column":3}},"line":243},"10":{"name":"stop","decl":{"start":{"line":264,"column":2},"end":{"line":269,"column":3}},"loc":{"start":{"line":264,"column":2},"end":{"line":269,"column":3}},"line":264},"11":{"name":"formatChineseDateTime","decl":{"start":{"line":296,"column":37},"end":{"line":305,"column":1}},"loc":{"start":{"line":296,"column":37},"end":{"line":305,"column":1}},"line":296},"12":{"name":"conversionTime","decl":{"start":{"line":322,"column":30},"end":{"line":330,"column":1}},"loc":{"start":{"line":322,"column":30},"end":{"line":330,"column":1}},"line":322},"13":{"name":"convertTime","decl":{"start":{"line":361,"column":27},"end":{"line":399,"column":1}},"loc":{"start":{"line":361,"column":27},"end":{"line":399,"column":1}},"line":361}},"f":{"0":6,"1":6,"2":6,"3":8,"4":8,"5":5,"6":2,"7":2,"8":9,"9":3,"10":3,"11":5,"12":5,"13":21}}
[...]
,"58":{"start":{"line":59,"column":0},"end":{"line":59,"column":93}},"59":{"start":{"line":60,"column":0},"end":{"line":60,"column":14}},"60":{"start":{"line":61,"column":0},"end":{"line":61,"column":1}},"62":{"start":{"line":63,"column":0},"end":{"line":63,"column":52}},"63":{"start":{"line":64,"column":0},"end":{"line":64,"column":107}},"64":{"start":{"line":65,"column":0},"end":{"line":65,"column":91}},"65":{"start":{"line":66,"column":0},"end":{"line":66,"column":85}},"66":{"start":{"line":67,"column":0},"end":{"line":67,"column":95}},"67":{"start":{"line":68,"column":0},"end":{"line":68,"column":14}},"68":{"start":{"line":69,"column":0},"end":{"line":69,"column":1}},"70":{"start":{"line":71,"column":0},"end":{"line":71,"column":27}},"82":{"start":{"line":83,"column":0},"end":{"line":83,"column":35}},"83":{"start":{"line":84,"column":0},"end":{"line":84,"column":69}},"84":{"start":{"line":85,"column":0},"end":{"line":85,"column":36}},"85":{"start":{"line":86,"column":0},"end":{"line":86,"column":35}},"88":{"start":{"line":89,"column":0},"end":{"line":89,"column":57}},"90":{"start":{"line":91,"column":0},"end":{"line":91,"column":57}},"93":{"start":{"line":94,"column":0},"end":{"line":94,"column":43}},"94":{"start":{"line":95,"column":0},"end":{"line":95,"column":43}},"95":{"start":{"line":96,"column":0},"end":{"line":96,"column":69}},"96":{"start":{"line":97,"column":0},"end":{"line":97,"column":63}},"99":{"start":{"line":100,"column":0},"end":{"line":100,"column":120}},"100":{"start":{"line":101,"column":0},"end":{"line":101,"column":106}},"103":{"start":{"line":104,"column":0},"end":{"line":104,"column":48}},"104":{"start":{"line":105,"column":0},"end":{"line":105,"column":48}},"106":{"start":{"line":107,"column":0},"end":{"line":107,"column":34}},"107":{"start":{"line":108,"column":0},"end":{"line":108,"column":5}},"120":{"start":{"line":121,"column":0},"end":{"line":121,"column":35}},"121":{"start":{"line":122,"column":0},"end":{"line":122,"column":69}},"123":{"start":{"line":124,"column":0},"end":{"line":124,"column":64}},"124":{"start":{"line":125,"column":0},"end":{"line":125,"column":64}},"127":{"start":{"line":128,"column":0},"end":{"line":128,"column":43}},"128":{"start":{"line":129,"column":0},"end":{"line":129,"column":43}},"129":{"start":{"line":130,"column":0},"end":{"line":130,"column":60}},"130":{"start":{"line":131,"column":0},"end":{"line":131,"column":63}},"133":{"start":{"line":134,"column":0},"end":{"line":134,"column":120}},"134":{"start":{"line":135,"column":0},"end":{"line":135,"column":106}},"137":{"start":{"line":138,"column":0},"end":{"line":138,"column":48}},"138":{"start":{"line":139,"column":0},"end":{"line":139,"column":48}},"141":{"start":{"line":142,"column":0},"end":{"line":142,"column":16}},"142":{"start":{"line":143,"column":0},"end":{"line":143,"column":30}},"143":{"start":{"line":144,"column":0},"end":{"line":144,"column":29}},"144":{"start":{"line":145,"column":0},"end":{"line":145,"column":10}},"145":{"start":{"line":146,"column":0},"end":{"line":146,"column":5}},"146":{"start":{"line":147,"column":0},"end":{"line":147,"column":1}},"147":{"start":{"line":148,"column":0},"end":{"line":148,"column":61}},"148":{"start":{"line":149,"column":0},"end":{"line":149,"column":61}}},"s":{"0":1,"11":1,"12":1,"13":1,"14":1,"22":12,"23":12,"24":12,"25":12,"26":6,"27":1,"28":1,"29":6,"30":1,"31":1,"32":4,"33":6,"34":12,"35":12,"36":12,"51":1,"52":3,"53":3,"54":1,"55":4,"56":4,"57":4,"58":4,"59":4,"60":4,"62":1,"63":4,"64":4,"65":4,"66":4,"67":4,"68":4,"70":1,"82":1,"83":1,"84":2,"85":2,"88":2,"90":2,"93":2,"94":2,"95":2,"96":2,"99":2,"100":2,"103":2,"104":2,"106":2,"107":2,"120":1,"121":1,"123":2,"124":2,"127":2,"128":2,"129":2,"130":2,"133":2,"134":2,"137":2,"138":2,"141":2,"142":2,"143":2,"144":2,"145":2,"146":1,"147":1,"148":1},"branchMap":{"0":{"type":"branch","line":23,"loc":{"start":{"line":23,"column":0},"end":{"line":37,"column":1}},"locations":[{"start":{"line":23,"column":0},"end":{"line":37,"column":1}}]},"1":{"type":"branch","line":24,"loc":{"start":{"line":24,"column":11},"end":{"line":36,"column":5}},"locations":[{"start":{"line":24,"column":11},"end":{"line":36,"column":5}}]},"2":{"type":"branch","line":26,"loc":{"start":{"line":26,"column":27},"end":{"line":34,"column":9}},"locations":[{"start":{"line":26,"column":27},"end":{"line":34,"column":9}}]},"3":{"type":"branch","line":27,"loc":{"start":{"line":27,"column":31},"end":{"line":27,"column":68}},"locations":[{"start":{"line":27,"column":31},"end":{"line":27,"column":68}}]},"4":{"type":"branch","line":27,"loc":{"start":{"line":27,"column":68},"end":{"line":29,"column":13}},"locations":[{"start":{"line":27,"column":68},"end":{"line":29,"column":13}}]},"5":{"type":"branch","line":29,"loc":{"start":{"line":29,"column":12},"end":{"line":30,"column":42}},"locations":[{"start":{"line":29,"column":12},"end":{"line":30,"column":42}}]},"6":{"type":"branch","line":30,"loc":{"start":{"line":30,"column":35},"end":{"line":30,"column":55}},"locations":[{"start":{"line":30,"column":35},"end":{"line":30,"column":55}}]},"7":{"type":"branch","line":30,"loc":{"start":{"line":30,"column":48},"end":{"line":30,"column":66}},"locations":[{"start":{"line":30,"column":48},"end":{"line":30,"column":66}}]},"8":{"type":"branch","line":30,"loc":{"start":{"line":30,"column":66},"end":{"line":32,"column":13}},"locations":[{"start":{"line":30,"column":66},"end":{"line":32,"column":13}}]},"9":{"type":"branch","line":32,"loc":{"start":{"line":32,"column":12},"end":{"line":33,"column":58}},"locations":[{"start":{"line":32,"column":12},"end":{"line":33,"column":58}}]},"10":{"type":"branch","line":52,"loc":{"start":{"line":52,"column":28},"end":{"line":54,"column":1}},"locations":[{"start":{"line":52,"column":28},"end":{"line":54,"column":1}}]},"11":{"type":"branch","line":53,"loc":{"start":{"line":53,"column":18},"end":{"line":53,"column":49}},"locations":[{"start":{"line":53,"column":18},"end":{"line":53,"column":49}}]},"12":{"type":"branch","line":53,"loc":{"start":{"line":53,"column":34},"end":{"line":53,"column":90}},"locations":[{"start":{"line":53,"column":34},"end":{"line":53,"column":90}}]},"13":{"type":"branch","line":55,"loc":{"start":{"line":55,"column":21},"end":{"line":61,"column":1}},"locations":[{"start":{"line":55,"column":21},"end":{"line":61,"column":1}}]},"14":{"type":"branch","line":63,"loc":{"start":{"line":63,"column":21},"end":{"line":69,"column":1}},"locations":[{"start":{"line":63,"column":21},"end":{"line":69,"column":1}}]},"15":{"type":"branch","line":84,"loc":{"start":{"line":84,"column":11},"end":{"line":108,"column":5}},"locations":[{"start":{"line":84,"column":11},"end":{"line":108,"column":5}}]},"16":{"type":"branch","line":122,"loc":{"start":{"line":122,"column":11},"end":{"line":146,"column":5}},"locations":[{"start":{"line":122,"column":11},"end":{"line":146,"column":5}}]}},"b":{"0":[12],"1":[12],"2":[6],"3":[5],"4":[1],"5":[5],"6":[4],"7":[4],"8":[1],"9":[4],"10":[3],"11":[2],"12":[1],"13":[4],"14":[4],"15":[2],"16":[2]},"fnMap":{"0":{"name":"validateCoordinates","decl":{"start":{"line":23,"column":0},"end":{"line":37,"column":1}},"loc":{"start":{"line":23,"column":0},"end":{"line":37,"column":1}},"line":23},"1":{"name":"descriptor.value","decl":{"start":{"line":26,"column":27},"end":{"line":34,"column":9}},"loc":{"start":{"line":26,"column":27},"end":{"line":34,"column":9}},"line":26},"2":{"name":"out_of_china","decl":{"start":{"line":52,"column":28},"end":{"line":54,"column":1}},"loc":{"start":{"line":52,"column":28},"end":{"line":54,"column":1}},"line":52},"3":{"name":"transformLat","decl":{"start":{"line":55,"column":21},"end":{"line":61,"column":1}},"loc":{"start":{"line":55,"column":21},"end":{"line":61,"column":1}},"line":55},"4":{"name":"transformLng","decl":{"start":{"line":63,"column":21},"end":{"line":69,"column":1}},"loc":{"start":{"line":63,"column":21},"end":{"line":69,"column":1}},"line":63},"5":{"name":"wgs84ToGcj02","decl":{"start":{"line":84,"column":11},"end":{"line":108,"column":5}},"loc":{"start":{"line":84,"column":11},"end":{"line":108,"column":5}},"line":84},"6":{"name":"gcj02ToWgs84","decl":{"start":{"line":122,"column":11},"end":{"line":146,"column":5}},"loc":{"start":{"line":122,"column":11},"end":{"line":146,"column":5}},"line":122}},"f":{"0":12,"1":6,"2":3,"3":4,"4":4,"5":2,"6":2}}
,"E:\\project\\node\\utils\\src\\common\\map\\coordinates.ts": {"path":"E:\\project\\node\\utils\\src\\common\\map\\coordinates.ts","all":false,"statementMap":{"17":{"start":{"line":18,"column":0},"end":{"line":18,"column":118}},"19":{"start":{"line":20,"column":0},"end":{"line":20,"column":73}},"20":{"start":{"line":21,"column":0},"end":{"line":21,"column":46}},"21":{"start":{"line":22,"column":0},"end":{"line":22,"column":5}},"24":{"start":{"line":25,"column":0},"end":{"line":25,"column":69}},"25":{"start":{"line":26,"column":0},"end":{"line":26,"column":44}},"26":{"start":{"line":27,"column":0},"end":{"line":27,"column":5}},"27":{"start":{"line":28,"column":0},"end":{"line":28,"column":43}},"28":{"start":{"line":29,"column":0},"end":{"line":29,"column":43}},"29":{"start":{"line":30,"column":0},"end":{"line":30,"column":33}},"30":{"start":{"line":31,"column":0},"end":{"line":31,"column":1}}},"s":{"17":1,"19":4,"20":1,"21":1,"24":4,"25":1,"26":1,"27":2,"28":2,"29":2,"30":2},"branchMap":{"0":{"type":"branch","line":18,"loc":{"start":{"line":18,"column":31},"end":{"line":31,"column":1}},"locations":[{"start":{"line":18,"column":31},"end":{"line":31,"column":1}}]},"1":{"type":"branch","line":20,"loc":{"start":{"line":20,"column":34},"end":{"line":20,"column":58}},"locations":[{"start":{"line":20,"column":34},"end":{"line":20,"column":58}}]},"2":{"type":"branch","line":20,"loc":{"start":{"line":20,"column":50},"end":{"line":20,"column":72}},"locations":[{"start":{"line":20,"column":50},"end":{"line":20,"column":72}}]},"3":{"type":"branch","line":20,"loc":{"start":{"line":20,"column":72},"end":{"line":22,"column":5}},"locations":[{"start":{"line":20,"column":72},"end":{"line":22,"column":5}}]},"4":{"type":"branch","line":22,"loc":{"start":{"line":22,"column":4},"end":{"line":25,"column":39}},"locations":[{"start":{"line":22,"column":4},"end":{"line":25,"column":39}}]},"5":{"type":"branch","line":25,"loc":{"start":{"line":25,"column":33},"end":{"line":25,"column":55}},"locations":[{"start":{"line":25,"column":33},"end":{"line":25,"column":55}}]},"6":{"type":"branch","line":25,"loc":{"start":{"line":25,"column":48},"end":{"line":25,"column":68}},"locations":[{"start":{"line":25,"column":48},"end":{"line":25,"column":68}}]},"7":{"type":"branch","line":25,"loc":{"start":{"line":25,"column":68},"end":{"line":27,"column":5}},"locations":[{"start":{"line":25,"column":68},"end":{"line":27,"column":5}}]},"8":{"type":"branch","line":27,"loc":{"start":{"line":27,"column":4},"end":{"line":31,"column":1}},"locations":[{"start":{"line":27,"column":4},"end":{"line":31,"column":1}}]}},"b":{"0":[4],"1":[3],"2":[3],"3":[1],"4":[3],"5":[2],"6":[2],"7":[1],"8":[2]},"fnMap":{"0":{"name":"getCenterLonLat","decl":{"start":{"line":18,"column":31},"end":{"line":31,"column":1}},"loc":{"start":{"line":18,"column":31},"end":{"line":31,"column":1}},"line":18}},"f":{"0":4}}
,"E:\\project\\node\\utils\\src\\common\\map\\distance.ts": {"path":"E:\\project\\node\\utils\\src\\common\\map\\distance.ts","all":false,"statementMap":{"0":{"start":{"line":1,"column":0},"end":{"line":1,"column":47}},"22":{"start":{"line":23,"column":0},"end":{"line":23,"column":95}},"24":{"start":{"line":25,"column":0},"end":{"line":25,"column":61}},"25":{"start":{"line":26,"column":0},"end":{"line":26,"column":44}},"26":{"start":{"line":27,"column":0},"end":{"line":27,"column":5}},"29":{"start":{"line":30,"column":0},"end":{"line":30,"column":65}},"30":{"start":{"line":31,"column":0},"end":{"line":31,"column":46}},"31":{"start":{"line":32,"column":0},"end":{"line":32,"column":5}},"33":{"start":{"line":34,"column":0},"end":{"line":34,"column":33}},"34":{"start":{"line":35,"column":0},"end":{"line":35,"column":33}},"35":{"start":{"line":36,"column":0},"end":{"line":36,"column":31}},"36":{"start":{"line":37,"column":0},"end":{"line":37,"column":43}},"37":{"start":{"line":38,"column":0},"end":{"line":38,"column":13}},"38":{"start":{"line":39,"column":0},"end":{"line":39,"column":133}},"39":{"start":{"line":40,"column":0},"end":{"line":40,"column":61}},"40":{"start":{"line":41,"column":0},"end":{"line":41,"column":36}},"41":{"start":{"line":42,"column":0},"end":{"line":42,"column":64}},"42":{"start":{"line":43,"column":0},"end":{"line":43,"column":105}},"43":{"start":{"line":44,"column":0},"end":{"line":44,"column":1}}},"s":{"0":1,"22":1,"24":3,"25":1,"26":1,"29":3,"30":1,"31":1,"33":1,"34":1,"35":1,"36":1,"37":1,"38":1,"39":1,"40":1,"41":1,"42":1,"43":1},"branchMap":{"0":{"type":"branch","line":23,"loc":{"start":{"line":23,"column":7},"end":{"line":44,"column":1}},"locations":[{"start":{"line":23,"column":7},"end":{"line":44,"column":1}}]},"1":{"type":"branch","line":25,"loc":{"start":{"line":25,"column":29},"end":{"line":25,"column":49}},"locations":[{"start":{"line":25,"column":29},"end":{"line":25,"column":49}}]},"2":{"type":"branch","line":25,"loc":{"start":{"line":25,"column":42},"end":{"line":25,"column":60}},"locations":[{"start":{"line":25,"column":42},"end":{"line":25,"column":60}}]},"3":{"type":"branch","line":25,"loc":{"start":{"line":25,"column":60},"end":{"line":27,"column":5}},"locations":[{"start":{"line":25,"column":60},"end":{"line":27,"column":5}}]},"4":{"type":"branch","line":27,"loc":{"start":{"line":27,"column":4},"end":{"line":30,"column":37}},"locations":[{"start":{"line":27,"column":4},"end":{"line":30,"column":37}}]},"5":{"type":"branch","line":30,"loc":{"start":{"line":30,"column":30},"end":{"line":30,"column":52}},"locations":[{"start":{"line":30,"column":30},"end":{"line":30,"column":52}}]},"6":{"type":"branch","line":30,"loc":{"start":{"line":30,"column":44},"end":{"line":30,"column":64}},"locations":[{"start":{"line":30,"column":44},"end":{"line":30,"column":64}}]},"7":{"type":"branch","line":30,"loc":{"start":{"line":30,"column":64},"end":{"line":44,"column":1}},"locations":[{"start":{"line":30,"column":64},"end":{"line":44,"column":1}}]}},"b":{"0":[3],"1":[2],"2":[2],"3":[1],"4":[2],"5":[1],"6":[1],"7":[1]},"fnMap":{"0":{"name":"distanceLngLat","decl":{"start":{"line":23,"column":7},"end":{"line":44,"column":1}},"loc":{"start":{"line":23,"column":7},"end":{"line":44,"column":1}},"line":23}},"f":{"0":3}}
,"E:\\project\\node\\utils\\src\\common\\map\\index.ts": {"path":"E:\\project\\node\\utils\\src\\common\\map\\index.ts","all":false,"statementMap":{"0":{"start":{"line":1,"column":0},"end":{"line":1,"column":27}},"1":{"start":{"line":2,"column":0},"end":{"line":2,"column":30}},"2":{"start":{"line":3,"column":0},"end":{"line":3,"column":34}},"3":{"start":{"line":4,"column":0},"end":{"line":4,"column":24}},"4":{"start":{"line":5,"column":0},"end":{"line":5,"column":32}}},"s":{"0":1,"1":1,"2":1,"3":1,"4":1},"branchMap":{},"b":{},"fnMap":{},"f":{}}
,"E:\\project\\node\\utils\\src\\common\\map\\mathUtils.ts": {"path":"E:\\project\\node\\utils\\src\\common\\map\\mathUtils.ts","all":false,"statementMap":{"6":{"start":{"line":7,"column":0},"end":{"line":7,"column":46}},"7":{"start":{"line":8,"column":0},"end":{"line":8,"column":32}},"8":{"start":{"line":9,"column":0},"end":{"line":9,"column":1}},"17":{"start":{"line":18,"column":0},"end":{"line":18,"column":46}},"18":{"start":{"line":19,"column":0},"end":{"line":19,"column":32}},"19":{"start":{"line":20,"column":0},"end":{"line":20,"column":1}}},"s":{"6":1,"7":4,"8":4,"17":1,"18":20,"19":20},"branchMap":{"0":{"type":"branch","line":7,"loc":{"start":{"line":7,"column":7},"end":{"line":9,"column":1}},"locations":[{"start":{"line":7,"column":7},"end":{"line":9,"column":1}}]},"1":{"type":"branch","line":18,"loc":{"start":{"line":18,"column":7},"end":{"line":20,"column":1}},"locations":[{"start":{"line":18,"column":7},"end":{"line":20,"column":1}}]}},"b":{"0":[4],"1":[20]},"fnMap":{"0":{"name":"deg2rad","decl":{"start":{"line":7,"column":7},"end":{"line":9,"column":1}},"loc":{"start":{"line":7,"column":7},"end":{"line":9,"column":1}},"line":7},"1":{"name":"rad2deg","decl":{"start":{"line":18,"column":7},"end":{"line":20,"column":1}},"loc":{"start":{"line":18,"column":7},"end":{"line":20,"column":1}},"line":18}},"f":{"0":4,"1":20}}
,"E:\\project\\node\\utils\\src\\common\\map\\pointGeneration.ts": {"path":"E:\\project\\node\\utils\\src\\common\\map\\pointGeneration.ts","all":false,"statementMap":{"0":{"start":{"line":1,"column":0},"end":{"line":1,"column":46}},"21":{"start":{"line":22,"column":0},"end":{"line":22,"column":95}},"23":{"start":{"line":24,"column":0},"end":{"line":24,"column":34}},"24":{"start":{"line":25,"column":0},"end":{"line":25,"column":46}},"25":{"start":{"line":26,"column":0},"end":{"line":26,"column":5}},"28":{"start":{"line":29,"column":0},"end":{"line":29,"column":32}},"29":{"start":{"line":30,"column":0},"end":{"line":30,"column":44}},"30":{"start":{"line":31,"column":0},"end":{"line":31,"column":5}},"31":{"start":{"line":32,"column":0},"end":{"line":32,"column":20}},"32":{"start":{"line":33,"column":0},"end":{"line":33,"column":26}},"33":{"start":{"line":34,"column":0},"end":{"line":34,"column":31}},"34":{"start":{"line":35,"column":0},"end":{"line":35,"column":31}},"35":{"start":{"line":36,"column":0},"end":{"line":36,"column":49}},"36":{"start":{"line":37,"column":0},"end":{"line":37,"column":33}},"37":{"start":{"line":38,"column":0},"end":{"line":38,"column":39}},"38":{"start":{"line":39,"column":0},"end":{"line":39,"column":118}},"39":{"start":{"line":40,"column":0},"end":{"line":40,"column":25}},"40":{"start":{"line":41,"column":0},"end":{"line":41,"column":135}},"42":{"start":{"line":43,"column":0},"end":{"line":43,"column":64}},"43":{"start":{"line":44,"column":0},"end":{"line":44,"column":5}},"44":{"start":{"line":45,"column":0},"end":{"line":45,"column":20}},"45":{"start":{"line":46,"column":0},"end":{"line":46,"column":1}}},"s":{"0":1,"21":1,"23":4,"24":1,"25":1,"28":4,"29":1,"30":1,"31":2,"32":2,"33":2,"34":2,"35":2,"36":4,"37":8,"38":8,"39":8,"40":8,"42":8,"43":8,"44":2,"45":2},"branchMap":{"0":{"type":"branch","line":22,"loc":{"start":{"line":22,"column":34},"end":{"line":46,"column":1}},"locations":[{"start":{"line":22,"column":34},"end":{"line":46,"column":1}}]},"1":{"type":"branch","line":24,"loc":{"start":{"line":24,"column":33},"end":{"line":26,"column":5}},"locations":[{"start":{"line":24,"column":33},"end":{"line":26,"column":5}}]},"2":{"type":"branch","line":26,"loc":{"start":{"line":26,"column":4},"end":{"line":29,"column":31}},"locations":[{"start":{"line":26,"column":4},"end":{"line":29,"column":31}}]},"3":{"type":"branch","line":29,"loc":{"start":{"line":29,"column":31},"end":{"line":31,"column":5}},"locations":[{"start":{"line":29,"column":31},"end":{"line":31,"column":5}}]},"4":{"type":"branch","line":31,"loc":{"start":{"line":31,"column":4},"end":{"line":37,"column":32}},"locations":[{"start":{"line":31,"column":4},"end":{"line":37,"column":32}}]},"5":{"type":"branch","line":37,"loc":{"start":{"line":37,"column":32},"end":{"line":44,"column":5}},"locations":[{"start":{"line":37,"column":32},"end":{"line":44,"column":5}}]},"6":{"type":"branch","line":44,"loc":{"start":{"line":44,"column":4},"end":{"line":46,"column":1}},"locations":[{"start":{"line":44,"column":4},"end":{"line":46,"column":1}}]}},"b":{"0":[4],"1":[1],"2":[3],"3":[1],"4":[2],"5":[8],"6":[2]},"fnMap":{"0":{"name":"calculateNewPoints","decl":{"start":{"line":22,"column":34},"end":{"line":46,"column":1}},"loc":{"start":{"line":22,"column":34},"end":{"line":46,"column":1}},"line":22}},"f":{"0":4}}
,"E:\\project\\node\\utils\\src\\common\\map\\types.ts": {"path":"E:\\project\\node\\utils\\src\\common\\map\\types.ts","all":false,"statementMap":{},"s":{},"branchMap":{},"b":{},"fnMap":{},"f":{}}
}
